device: cpu
=== FAST MODE: using BEST_PARAMS ===


=== FINAL: 5 seeds x 60s on all 25 symbols ===
params: {'lr': 0.001, 'hdim': 256, 'nlayers': 2, 'batch_size': 256, 'fee_mult': 1.5, 'r_min': 0.7, 'vpin_max_z': 0.0}

/Users/diego/Dev/non-toxic/autoresearch-trading/prepare.py:841: RuntimeWarning: divide by zero encountered in divide
  batch_duration_s > 0.001, trade_batch / batch_duration_s, 0.0
/Users/diego/Dev/non-toxic/autoresearch-trading/prepare.py:841: RuntimeWarning: divide by zero encountered in divide
  batch_duration_s > 0.001, trade_batch / batch_duration_s, 0.0
/Users/diego/Dev/non-toxic/autoresearch-trading/prepare.py:841: RuntimeWarning: divide by zero encountered in divide
  batch_duration_s > 0.001, trade_batch / batch_duration_s, 0.0
/Users/diego/Dev/non-toxic/autoresearch-trading/prepare.py:841: RuntimeWarning: divide by zero encountered in divide
  batch_duration_s > 0.001, trade_batch / batch_duration_s, 0.0
/Users/diego/Dev/non-toxic/autoresearch-trading/prepare.py:841: RuntimeWarning: divide by zero encountered in divide
  batch_duration_s > 0.001, trade_batch / batch_duration_s, 0.0
/Users/diego/Dev/non-toxic/autoresearch-trading/prepare.py:841: RuntimeWarning: divide by zero encountered in divide
  batch_duration_s > 0.001, trade_batch / batch_duration_s, 0.0
/Users/diego/Dev/non-toxic/autoresearch-trading/prepare.py:841: RuntimeWarning: divide by zero encountered in divide
  batch_duration_s > 0.001, trade_batch / batch_duration_s, 0.0
/Users/diego/Dev/non-toxic/autoresearch-trading/prepare.py:841: RuntimeWarning: divide by zero encountered in divide
  batch_duration_s > 0.001, trade_batch / batch_duration_s, 0.0
/Users/diego/Dev/non-toxic/autoresearch-trading/prepare.py:841: RuntimeWarning: divide by zero encountered in divide
  batch_duration_s > 0.001, trade_batch / batch_duration_s, 0.0
/Users/diego/Dev/non-toxic/autoresearch-trading/prepare.py:841: RuntimeWarning: divide by zero encountered in divide
  batch_duration_s > 0.001, trade_batch / batch_duration_s, 0.0
/Users/diego/Dev/non-toxic/autoresearch-trading/prepare.py:841: RuntimeWarning: divide by zero encountered in divide
  batch_duration_s > 0.001, trade_batch / batch_duration_s, 0.0
/Users/diego/Dev/non-toxic/autoresearch-trading/prepare.py:841: RuntimeWarning: divide by zero encountered in divide
  batch_duration_s > 0.001, trade_batch / batch_duration_s, 0.0
/Users/diego/Dev/non-toxic/autoresearch-trading/prepare.py:841: RuntimeWarning: divide by zero encountered in divide
  batch_duration_s > 0.001, trade_batch / batch_duration_s, 0.0
/Users/diego/Dev/non-toxic/autoresearch-trading/prepare.py:841: RuntimeWarning: divide by zero encountered in divide
  batch_duration_s > 0.001, trade_batch / batch_duration_s, 0.0
/Users/diego/Dev/non-toxic/autoresearch-trading/prepare.py:841: RuntimeWarning: divide by zero encountered in divide
  batch_duration_s > 0.001, trade_batch / batch_duration_s, 0.0
/Users/diego/Dev/non-toxic/autoresearch-trading/prepare.py:841: RuntimeWarning: divide by zero encountered in divide
  batch_duration_s > 0.001, trade_batch / batch_duration_s, 0.0
/Users/diego/Dev/non-toxic/autoresearch-trading/prepare.py:841: RuntimeWarning: divide by zero encountered in divide
  batch_duration_s > 0.001, trade_batch / batch_duration_s, 0.0
/Users/diego/Dev/non-toxic/autoresearch-trading/prepare.py:841: RuntimeWarning: divide by zero encountered in divide
  batch_duration_s > 0.001, trade_batch / batch_duration_s, 0.0
/Users/diego/Dev/non-toxic/autoresearch-trading/prepare.py:841: RuntimeWarning: divide by zero encountered in divide
  batch_duration_s > 0.001, trade_batch / batch_duration_s, 0.0
/Users/diego/Dev/non-toxic/autoresearch-trading/prepare.py:841: RuntimeWarning: divide by zero encountered in divide
  batch_duration_s > 0.001, trade_batch / batch_duration_s, 0.0
/Users/diego/Dev/non-toxic/autoresearch-trading/prepare.py:841: RuntimeWarning: divide by zero encountered in divide
  batch_duration_s > 0.001, trade_batch / batch_duration_s, 0.0
/Users/diego/Dev/non-toxic/autoresearch-trading/prepare.py:841: RuntimeWarning: divide by zero encountered in divide
  batch_duration_s > 0.001, trade_batch / batch_duration_s, 0.0
/Users/diego/Dev/non-toxic/autoresearch-trading/prepare.py:841: RuntimeWarning: divide by zero encountered in divide
  batch_duration_s > 0.001, trade_batch / batch_duration_s, 0.0
/Users/diego/Dev/non-toxic/autoresearch-trading/prepare.py:841: RuntimeWarning: divide by zero encountered in divide
  batch_duration_s > 0.001, trade_batch / batch_duration_s, 0.0
/Users/diego/Dev/non-toxic/autoresearch-trading/prepare.py:841: RuntimeWarning: divide by zero encountered in divide
  batch_duration_s > 0.001, trade_batch / batch_duration_s, 0.0
  Training seed 0 (60s)...
    flat: 67 (0.0%)
    long: 124199 (49.7%)
    short: 125734 (50.3%)
  Training seed 1 (60s)...
    flat: 61 (0.0%)
    long: 124222 (49.7%)
    short: 125717 (50.3%)
  Training seed 2 (60s)...
    flat: 55 (0.0%)
    long: 123863 (49.5%)
    short: 126082 (50.4%)
  Training seed 3 (60s)...
    flat: 58 (0.0%)
    long: 123730 (49.5%)
    short: 126212 (50.5%)
  Training seed 4 (60s)...
    flat: 60 (0.0%)
    long: 124018 (49.6%)
    short: 125922 (50.4%)
Cache miss for 2Z test, computing features...
Cached 2Z features to /Users/diego/Dev/non-toxic/autoresearch-trading/.cache/2Z_02e0cf2b050e08e78ed96424da6fb698.npz
  2Z: sortino=0.0024 trades=18 dd=0.0892 wr=0.56 pf=1.03 [PASS]
Cache miss for AAVE test, computing features...
/Users/diego/Dev/non-toxic/autoresearch-trading/prepare.py:841: RuntimeWarning: divide by zero encountered in divide
  batch_duration_s > 0.001, trade_batch / batch_duration_s, 0.0
Cached AAVE features to /Users/diego/Dev/non-toxic/autoresearch-trading/.cache/AAVE_491f1112dc2d91622d2d157b40febe04.npz
  AAVE: sortino=0.0000 trades=43 dd=0.4098 [FAIL]
Cache miss for ASTER test, computing features...
/Users/diego/Dev/non-toxic/autoresearch-trading/prepare.py:841: RuntimeWarning: divide by zero encountered in divide
  batch_duration_s > 0.001, trade_batch / batch_duration_s, 0.0
Cached ASTER features to /Users/diego/Dev/non-toxic/autoresearch-trading/.cache/ASTER_fec459937c205333003b854d88bae8aa.npz
  ASTER: sortino=0.1802 trades=23 dd=0.0807 wr=0.75 pf=5.25 [PASS]
Cache miss for AVAX test, computing features...
/Users/diego/Dev/non-toxic/autoresearch-trading/prepare.py:841: RuntimeWarning: divide by zero encountered in divide
  batch_duration_s > 0.001, trade_batch / batch_duration_s, 0.0
Cached AVAX features to /Users/diego/Dev/non-toxic/autoresearch-trading/.cache/AVAX_dc13c2cca834c9ed0b3d88b4e288e2f3.npz
  AVAX: sortino=0.1392 trades=36 dd=0.1158 wr=0.53 pf=1.76 [PASS]
Cache miss for BNB test, computing features...
/Users/diego/Dev/non-toxic/autoresearch-trading/prepare.py:841: RuntimeWarning: divide by zero encountered in divide
  batch_duration_s > 0.001, trade_batch / batch_duration_s, 0.0
Cached BNB features to /Users/diego/Dev/non-toxic/autoresearch-trading/.cache/BNB_e4c3d2dbdb530a5035c495c9873f6d61.npz
  BNB: sortino=0.0000 trades=52 dd=0.2069 [FAIL]
Cache miss for BTC test, computing features...
/Users/diego/Dev/non-toxic/autoresearch-trading/prepare.py:841: RuntimeWarning: divide by zero encountered in divide
  batch_duration_s > 0.001, trade_batch / batch_duration_s, 0.0
Cached BTC features to /Users/diego/Dev/non-toxic/autoresearch-trading/.cache/BTC_04950ba619e7cdbc4a0647e05fe48a4a.npz
  BTC: sortino=0.0000 trades=49 dd=0.2294 [FAIL]
Cache miss for CRV test, computing features...
Cached CRV features to /Users/diego/Dev/non-toxic/autoresearch-trading/.cache/CRV_82902e99f3dcac40bd1c4b12222f321a.npz
  CRV: sortino=0.0000 trades=0 dd=0.0000 [FAIL]
Cache miss for DOGE test, computing features...
/Users/diego/Dev/non-toxic/autoresearch-trading/prepare.py:841: RuntimeWarning: divide by zero encountered in divide
  batch_duration_s > 0.001, trade_batch / batch_duration_s, 0.0
Cached DOGE features to /Users/diego/Dev/non-toxic/autoresearch-trading/.cache/DOGE_2f75b77b47dd5272f62aab7e103a1fdd.npz
  DOGE: sortino=0.3354 trades=46 dd=0.1186 wr=0.54 pf=2.01 [PASS]
Cache miss for ENA test, computing features...
/Users/diego/Dev/non-toxic/autoresearch-trading/prepare.py:841: RuntimeWarning: divide by zero encountered in divide
  batch_duration_s > 0.001, trade_batch / batch_duration_s, 0.0
Cached ENA features to /Users/diego/Dev/non-toxic/autoresearch-trading/.cache/ENA_b4bd07b58023ff1a146f3a3260dd0cf4.npz
  ENA: sortino=0.0000 trades=53 dd=0.3922 [FAIL]
Cache miss for ETH test, computing features...
/Users/diego/Dev/non-toxic/autoresearch-trading/prepare.py:841: RuntimeWarning: divide by zero encountered in divide
  batch_duration_s > 0.001, trade_batch / batch_duration_s, 0.0
Cached ETH features to /Users/diego/Dev/non-toxic/autoresearch-trading/.cache/ETH_13b53463b4a3b517c49cde7890a10154.npz
  ETH: sortino=-0.0834 trades=47 dd=0.1777 wr=0.46 pf=0.83 [PASS]
Cache miss for FARTCOIN test, computing features...
/Users/diego/Dev/non-toxic/autoresearch-trading/prepare.py:841: RuntimeWarning: divide by zero encountered in divide
  batch_duration_s > 0.001, trade_batch / batch_duration_s, 0.0
Cached FARTCOIN features to /Users/diego/Dev/non-toxic/autoresearch-trading/.cache/FARTCOIN_ef6d739b6a2ae6ce68ad1d1ab38991b3.npz
  FARTCOIN: sortino=-0.0320 trades=29 dd=0.1664 wr=0.53 pf=0.81 [PASS]
Cache miss for HYPE test, computing features...
/Users/diego/Dev/non-toxic/autoresearch-trading/prepare.py:841: RuntimeWarning: divide by zero encountered in divide
  batch_duration_s > 0.001, trade_batch / batch_duration_s, 0.0
Cached HYPE features to /Users/diego/Dev/non-toxic/autoresearch-trading/.cache/HYPE_eab1b6e71db2fddaf901b6ee00d04a42.npz
  HYPE: sortino=0.0000 trades=45 dd=0.2477 [FAIL]
Cache miss for KBONK test, computing features...
/Users/diego/Dev/non-toxic/autoresearch-trading/prepare.py:841: RuntimeWarning: divide by zero encountered in divide
  batch_duration_s > 0.001, trade_batch / batch_duration_s, 0.0
Cached KBONK features to /Users/diego/Dev/non-toxic/autoresearch-trading/.cache/KBONK_9e1dacfb2d69298ada228278156eb988.npz
  KBONK: sortino=-0.1863 trades=15 dd=0.1947 wr=0.25 pf=0.02 [PASS]
Cache miss for KPEPE test, computing features...
/Users/diego/Dev/non-toxic/autoresearch-trading/prepare.py:841: RuntimeWarning: divide by zero encountered in divide
  batch_duration_s > 0.001, trade_batch / batch_duration_s, 0.0
Cached KPEPE features to /Users/diego/Dev/non-toxic/autoresearch-trading/.cache/KPEPE_de9ddb073a0bf1e3089ef3e97ab8d605.npz
  KPEPE: sortino=0.0000 trades=37 dd=0.2273 [FAIL]
Cache miss for LDO test, computing features...
/Users/diego/Dev/non-toxic/autoresearch-trading/prepare.py:841: RuntimeWarning: divide by zero encountered in divide
  batch_duration_s > 0.001, trade_batch / batch_duration_s, 0.0
Cached LDO features to /Users/diego/Dev/non-toxic/autoresearch-trading/.cache/LDO_8b05714aecf98f8a1f8c9d8571c88964.npz
  LDO: sortino=0.1690 trades=17 dd=0.0669 wr=0.67 pf=5.22 [PASS]
Cache miss for LINK test, computing features...
/Users/diego/Dev/non-toxic/autoresearch-trading/prepare.py:841: RuntimeWarning: divide by zero encountered in divide
  batch_duration_s > 0.001, trade_batch / batch_duration_s, 0.0
Cached LINK features to /Users/diego/Dev/non-toxic/autoresearch-trading/.cache/LINK_ed69354f4b76d5934f80595b60437631.npz
  LINK: sortino=0.0000 trades=42 dd=0.2880 [FAIL]
Cache miss for LTC test, computing features...
/Users/diego/Dev/non-toxic/autoresearch-trading/prepare.py:841: RuntimeWarning: divide by zero encountered in divide
  batch_duration_s > 0.001, trade_batch / batch_duration_s, 0.0
Cached LTC features to /Users/diego/Dev/non-toxic/autoresearch-trading/.cache/LTC_659d8b456a0ac4df1a0428685f48c068.npz
  LTC: sortino=0.0000 trades=31 dd=0.2081 [FAIL]
Cache miss for PENGU test, computing features...
/Users/diego/Dev/non-toxic/autoresearch-trading/prepare.py:841: RuntimeWarning: divide by zero encountered in divide
  batch_duration_s > 0.001, trade_batch / batch_duration_s, 0.0
Cached PENGU features to /Users/diego/Dev/non-toxic/autoresearch-trading/.cache/PENGU_1138f9250e6f487173014cfc9f5e4452.npz
  PENGU: sortino=-0.1985 trades=16 dd=0.1933 wr=0.12 pf=0.05 [PASS]
Cache miss for PUMP test, computing features...
/Users/diego/Dev/non-toxic/autoresearch-trading/prepare.py:841: RuntimeWarning: divide by zero encountered in divide
  batch_duration_s > 0.001, trade_batch / batch_duration_s, 0.0
Cached PUMP features to /Users/diego/Dev/non-toxic/autoresearch-trading/.cache/PUMP_f50b48ac6982775913bc2e898811f948.npz
  PUMP: sortino=0.0000 trades=51 dd=0.3581 [FAIL]
Cache miss for SOL test, computing features...
/Users/diego/Dev/non-toxic/autoresearch-trading/prepare.py:841: RuntimeWarning: divide by zero encountered in divide
  batch_duration_s > 0.001, trade_batch / batch_duration_s, 0.0
Cached SOL features to /Users/diego/Dev/non-toxic/autoresearch-trading/.cache/SOL_c083c153632651f3534f2f5fda086529.npz
  SOL: sortino=-0.0900 trades=48 dd=0.1455 wr=0.55 pf=0.84 [PASS]
Cache miss for SUI test, computing features...
/Users/diego/Dev/non-toxic/autoresearch-trading/prepare.py:841: RuntimeWarning: divide by zero encountered in divide
  batch_duration_s > 0.001, trade_batch / batch_duration_s, 0.0
Cached SUI features to /Users/diego/Dev/non-toxic/autoresearch-trading/.cache/SUI_24fb724963fb0f7d7ff71b459baea75e.npz
  SUI: sortino=-0.1506 trades=46 dd=0.1998 wr=0.46 pf=0.69 [PASS]
Cache miss for UNI test, computing features...
/Users/diego/Dev/non-toxic/autoresearch-trading/prepare.py:841: RuntimeWarning: divide by zero encountered in divide
  batch_duration_s > 0.001, trade_batch / batch_duration_s, 0.0
Cached UNI features to /Users/diego/Dev/non-toxic/autoresearch-trading/.cache/UNI_589ff15365ebb383c878e9f536032392.npz
  UNI: sortino=0.0000 trades=39 dd=0.2384 [FAIL]
Cache miss for WLFI test, computing features...
/Users/diego/Dev/non-toxic/autoresearch-trading/prepare.py:841: RuntimeWarning: divide by zero encountered in divide
  batch_duration_s > 0.001, trade_batch / batch_duration_s, 0.0
Cached WLFI features to /Users/diego/Dev/non-toxic/autoresearch-trading/.cache/WLFI_b6ca89d13a5967175275d2bd03d4998d.npz
  WLFI: sortino=0.0000 trades=47 dd=0.2848 [FAIL]
Cache miss for XPL test, computing features...
/Users/diego/Dev/non-toxic/autoresearch-trading/prepare.py:841: RuntimeWarning: divide by zero encountered in divide
  batch_duration_s > 0.001, trade_batch / batch_duration_s, 0.0
Cached XPL features to /Users/diego/Dev/non-toxic/autoresearch-trading/.cache/XPL_deaf028f4f09c8b37e99ef541d29f4f3.npz
  XPL: sortino=0.0000 trades=23 dd=0.2333 [FAIL]
Cache miss for XRP test, computing features...
/Users/diego/Dev/non-toxic/autoresearch-trading/prepare.py:841: RuntimeWarning: divide by zero encountered in divide
  batch_duration_s > 0.001, trade_batch / batch_duration_s, 0.0
Cached XRP features to /Users/diego/Dev/non-toxic/autoresearch-trading/.cache/XRP_d96801d672bd493b0560f3959911fa84.npz
  XRP: sortino=0.0000 trades=40 dd=0.2047 [FAIL]
---
=== PORTFOLIO SUMMARY ===
symbols_passing: 11/25
sortino: 0.007759
num_trades: 893
max_drawdown: 0.4098
win_rate: 0.4930
profit_factor: 1.6813
training_seconds: 300.0
total_steps: 31250000
num_updates: 122125

best_params: {'lr': 0.001, 'hdim': 256, 'nlayers': 2, 'batch_size': 256, 'fee_mult': 1.5, 'r_min': 0.7, 'vpin_max_z': 0.0}
