device: cpu
=== FAST MODE: using BEST_PARAMS ===


=== FINAL: 5 seeds x 60s on all 25 symbols ===
params: {'lr': 0.001, 'hdim': 256, 'nlayers': 2, 'batch_size': 256, 'fee_mult': 1.5, 'r_min': 0.0, 'vpin_max_z': 0.0}

/Users/diego/Dev/non-toxic/autoresearch-trading/prepare.py:848: RuntimeWarning: divide by zero encountered in divide
  batch_duration_s > 0.001, trade_batch / batch_duration_s, 0.0
/Users/diego/Dev/non-toxic/autoresearch-trading/prepare.py:909: RuntimeWarning: invalid value encountered in divide
  buy_vwap = np.where(buy_qty > 0, buy_notional / buy_qty, vwap)
/Users/diego/Dev/non-toxic/autoresearch-trading/prepare.py:910: RuntimeWarning: invalid value encountered in divide
  sell_vwap = np.where(sell_qty > 0, sell_notional / sell_qty, vwap)
/Users/diego/Dev/non-toxic/autoresearch-trading/prepare.py:934: RuntimeWarning: divide by zero encountered in divide
  batch_duration_s > 0.001, trade_batch / batch_duration_s, 0.0
/Users/diego/Dev/non-toxic/autoresearch-trading/prepare.py:848: RuntimeWarning: divide by zero encountered in divide
  batch_duration_s > 0.001, trade_batch / batch_duration_s, 0.0
/Users/diego/Dev/non-toxic/autoresearch-trading/prepare.py:934: RuntimeWarning: divide by zero encountered in divide
  batch_duration_s > 0.001, trade_batch / batch_duration_s, 0.0
/Users/diego/Dev/non-toxic/autoresearch-trading/prepare.py:848: RuntimeWarning: divide by zero encountered in divide
  batch_duration_s > 0.001, trade_batch / batch_duration_s, 0.0
/Users/diego/Dev/non-toxic/autoresearch-trading/prepare.py:934: RuntimeWarning: divide by zero encountered in divide
  batch_duration_s > 0.001, trade_batch / batch_duration_s, 0.0
/Users/diego/Dev/non-toxic/autoresearch-trading/prepare.py:848: RuntimeWarning: divide by zero encountered in divide
  batch_duration_s > 0.001, trade_batch / batch_duration_s, 0.0
/Users/diego/Dev/non-toxic/autoresearch-trading/prepare.py:934: RuntimeWarning: divide by zero encountered in divide
  batch_duration_s > 0.001, trade_batch / batch_duration_s, 0.0
/Users/diego/Dev/non-toxic/autoresearch-trading/prepare.py:848: RuntimeWarning: divide by zero encountered in divide
  batch_duration_s > 0.001, trade_batch / batch_duration_s, 0.0
/Users/diego/Dev/non-toxic/autoresearch-trading/prepare.py:934: RuntimeWarning: divide by zero encountered in divide
  batch_duration_s > 0.001, trade_batch / batch_duration_s, 0.0
/Users/diego/Dev/non-toxic/autoresearch-trading/prepare.py:848: RuntimeWarning: divide by zero encountered in divide
  batch_duration_s > 0.001, trade_batch / batch_duration_s, 0.0
/Users/diego/Dev/non-toxic/autoresearch-trading/prepare.py:934: RuntimeWarning: divide by zero encountered in divide
  batch_duration_s > 0.001, trade_batch / batch_duration_s, 0.0
/Users/diego/Dev/non-toxic/autoresearch-trading/prepare.py:848: RuntimeWarning: divide by zero encountered in divide
  batch_duration_s > 0.001, trade_batch / batch_duration_s, 0.0
/Users/diego/Dev/non-toxic/autoresearch-trading/prepare.py:910: RuntimeWarning: invalid value encountered in divide
  sell_vwap = np.where(sell_qty > 0, sell_notional / sell_qty, vwap)
/Users/diego/Dev/non-toxic/autoresearch-trading/prepare.py:934: RuntimeWarning: divide by zero encountered in divide
  batch_duration_s > 0.001, trade_batch / batch_duration_s, 0.0
/Users/diego/Dev/non-toxic/autoresearch-trading/prepare.py:848: RuntimeWarning: divide by zero encountered in divide
  batch_duration_s > 0.001, trade_batch / batch_duration_s, 0.0
/Users/diego/Dev/non-toxic/autoresearch-trading/prepare.py:934: RuntimeWarning: divide by zero encountered in divide
  batch_duration_s > 0.001, trade_batch / batch_duration_s, 0.0
/Users/diego/Dev/non-toxic/autoresearch-trading/prepare.py:848: RuntimeWarning: divide by zero encountered in divide
  batch_duration_s > 0.001, trade_batch / batch_duration_s, 0.0
/Users/diego/Dev/non-toxic/autoresearch-trading/prepare.py:909: RuntimeWarning: invalid value encountered in divide
  buy_vwap = np.where(buy_qty > 0, buy_notional / buy_qty, vwap)
/Users/diego/Dev/non-toxic/autoresearch-trading/prepare.py:910: RuntimeWarning: invalid value encountered in divide
  sell_vwap = np.where(sell_qty > 0, sell_notional / sell_qty, vwap)
/Users/diego/Dev/non-toxic/autoresearch-trading/prepare.py:934: RuntimeWarning: divide by zero encountered in divide
  batch_duration_s > 0.001, trade_batch / batch_duration_s, 0.0
/Users/diego/Dev/non-toxic/autoresearch-trading/prepare.py:848: RuntimeWarning: divide by zero encountered in divide
  batch_duration_s > 0.001, trade_batch / batch_duration_s, 0.0
/Users/diego/Dev/non-toxic/autoresearch-trading/prepare.py:934: RuntimeWarning: divide by zero encountered in divide
  batch_duration_s > 0.001, trade_batch / batch_duration_s, 0.0
/Users/diego/Dev/non-toxic/autoresearch-trading/prepare.py:848: RuntimeWarning: divide by zero encountered in divide
  batch_duration_s > 0.001, trade_batch / batch_duration_s, 0.0
/Users/diego/Dev/non-toxic/autoresearch-trading/prepare.py:910: RuntimeWarning: invalid value encountered in divide
  sell_vwap = np.where(sell_qty > 0, sell_notional / sell_qty, vwap)
/Users/diego/Dev/non-toxic/autoresearch-trading/prepare.py:934: RuntimeWarning: divide by zero encountered in divide
  batch_duration_s > 0.001, trade_batch / batch_duration_s, 0.0
/Users/diego/Dev/non-toxic/autoresearch-trading/prepare.py:848: RuntimeWarning: divide by zero encountered in divide
  batch_duration_s > 0.001, trade_batch / batch_duration_s, 0.0
/Users/diego/Dev/non-toxic/autoresearch-trading/prepare.py:934: RuntimeWarning: divide by zero encountered in divide
  batch_duration_s > 0.001, trade_batch / batch_duration_s, 0.0
/Users/diego/Dev/non-toxic/autoresearch-trading/prepare.py:848: RuntimeWarning: divide by zero encountered in divide
  batch_duration_s > 0.001, trade_batch / batch_duration_s, 0.0
/Users/diego/Dev/non-toxic/autoresearch-trading/prepare.py:910: RuntimeWarning: invalid value encountered in divide
  sell_vwap = np.where(sell_qty > 0, sell_notional / sell_qty, vwap)
/Users/diego/Dev/non-toxic/autoresearch-trading/prepare.py:934: RuntimeWarning: divide by zero encountered in divide
  batch_duration_s > 0.001, trade_batch / batch_duration_s, 0.0
/Users/diego/Dev/non-toxic/autoresearch-trading/prepare.py:848: RuntimeWarning: divide by zero encountered in divide
  batch_duration_s > 0.001, trade_batch / batch_duration_s, 0.0
/Users/diego/Dev/non-toxic/autoresearch-trading/prepare.py:934: RuntimeWarning: divide by zero encountered in divide
  batch_duration_s > 0.001, trade_batch / batch_duration_s, 0.0
/Users/diego/Dev/non-toxic/autoresearch-trading/prepare.py:848: RuntimeWarning: divide by zero encountered in divide
  batch_duration_s > 0.001, trade_batch / batch_duration_s, 0.0
/Users/diego/Dev/non-toxic/autoresearch-trading/prepare.py:934: RuntimeWarning: divide by zero encountered in divide
  batch_duration_s > 0.001, trade_batch / batch_duration_s, 0.0
/Users/diego/Dev/non-toxic/autoresearch-trading/prepare.py:848: RuntimeWarning: divide by zero encountered in divide
  batch_duration_s > 0.001, trade_batch / batch_duration_s, 0.0
/Users/diego/Dev/non-toxic/autoresearch-trading/prepare.py:934: RuntimeWarning: divide by zero encountered in divide
  batch_duration_s > 0.001, trade_batch / batch_duration_s, 0.0
/Users/diego/Dev/non-toxic/autoresearch-trading/prepare.py:848: RuntimeWarning: divide by zero encountered in divide
  batch_duration_s > 0.001, trade_batch / batch_duration_s, 0.0
/Users/diego/Dev/non-toxic/autoresearch-trading/prepare.py:934: RuntimeWarning: divide by zero encountered in divide
  batch_duration_s > 0.001, trade_batch / batch_duration_s, 0.0
/Users/diego/Dev/non-toxic/autoresearch-trading/prepare.py:848: RuntimeWarning: divide by zero encountered in divide
  batch_duration_s > 0.001, trade_batch / batch_duration_s, 0.0
/Users/diego/Dev/non-toxic/autoresearch-trading/prepare.py:909: RuntimeWarning: invalid value encountered in divide
  buy_vwap = np.where(buy_qty > 0, buy_notional / buy_qty, vwap)
/Users/diego/Dev/non-toxic/autoresearch-trading/prepare.py:910: RuntimeWarning: invalid value encountered in divide
  sell_vwap = np.where(sell_qty > 0, sell_notional / sell_qty, vwap)
/Users/diego/Dev/non-toxic/autoresearch-trading/prepare.py:934: RuntimeWarning: divide by zero encountered in divide
  batch_duration_s > 0.001, trade_batch / batch_duration_s, 0.0
/Users/diego/Dev/non-toxic/autoresearch-trading/prepare.py:848: RuntimeWarning: divide by zero encountered in divide
  batch_duration_s > 0.001, trade_batch / batch_duration_s, 0.0
/Users/diego/Dev/non-toxic/autoresearch-trading/prepare.py:934: RuntimeWarning: divide by zero encountered in divide
  batch_duration_s > 0.001, trade_batch / batch_duration_s, 0.0
/Users/diego/Dev/non-toxic/autoresearch-trading/prepare.py:848: RuntimeWarning: divide by zero encountered in divide
  batch_duration_s > 0.001, trade_batch / batch_duration_s, 0.0
/Users/diego/Dev/non-toxic/autoresearch-trading/prepare.py:934: RuntimeWarning: divide by zero encountered in divide
  batch_duration_s > 0.001, trade_batch / batch_duration_s, 0.0
/Users/diego/Dev/non-toxic/autoresearch-trading/prepare.py:848: RuntimeWarning: divide by zero encountered in divide
  batch_duration_s > 0.001, trade_batch / batch_duration_s, 0.0
/Users/diego/Dev/non-toxic/autoresearch-trading/prepare.py:934: RuntimeWarning: divide by zero encountered in divide
  batch_duration_s > 0.001, trade_batch / batch_duration_s, 0.0
/Users/diego/Dev/non-toxic/autoresearch-trading/prepare.py:848: RuntimeWarning: divide by zero encountered in divide
  batch_duration_s > 0.001, trade_batch / batch_duration_s, 0.0
/Users/diego/Dev/non-toxic/autoresearch-trading/prepare.py:934: RuntimeWarning: divide by zero encountered in divide
  batch_duration_s > 0.001, trade_batch / batch_duration_s, 0.0
/Users/diego/Dev/non-toxic/autoresearch-trading/prepare.py:848: RuntimeWarning: divide by zero encountered in divide
  batch_duration_s > 0.001, trade_batch / batch_duration_s, 0.0
/Users/diego/Dev/non-toxic/autoresearch-trading/prepare.py:934: RuntimeWarning: divide by zero encountered in divide
  batch_duration_s > 0.001, trade_batch / batch_duration_s, 0.0
/Users/diego/Dev/non-toxic/autoresearch-trading/prepare.py:848: RuntimeWarning: divide by zero encountered in divide
  batch_duration_s > 0.001, trade_batch / batch_duration_s, 0.0
/Users/diego/Dev/non-toxic/autoresearch-trading/prepare.py:934: RuntimeWarning: divide by zero encountered in divide
  batch_duration_s > 0.001, trade_batch / batch_duration_s, 0.0
/Users/diego/Dev/non-toxic/autoresearch-trading/prepare.py:848: RuntimeWarning: divide by zero encountered in divide
  batch_duration_s > 0.001, trade_batch / batch_duration_s, 0.0
/Users/diego/Dev/non-toxic/autoresearch-trading/prepare.py:934: RuntimeWarning: divide by zero encountered in divide
  batch_duration_s > 0.001, trade_batch / batch_duration_s, 0.0
  Training seed 0 (60s)...
    flat: 67 (0.0%)
    long: 124200 (49.7%)
    short: 125733 (50.3%)
  Training seed 1 (60s)...
    flat: 61 (0.0%)
    long: 124204 (49.7%)
    short: 125735 (50.3%)
  Training seed 2 (60s)...
    flat: 55 (0.0%)
    long: 123873 (49.5%)
    short: 126072 (50.4%)
  Training seed 3 (60s)...
    flat: 58 (0.0%)
    long: 123704 (49.5%)
    short: 126238 (50.5%)
  Training seed 4 (60s)...
    flat: 60 (0.0%)
    long: 124004 (49.6%)
    short: 125936 (50.4%)
Cache miss for 2Z test, computing features...
/Users/diego/Dev/non-toxic/autoresearch-trading/prepare.py:848: RuntimeWarning: divide by zero encountered in divide
  batch_duration_s > 0.001, trade_batch / batch_duration_s, 0.0
/Users/diego/Dev/non-toxic/autoresearch-trading/prepare.py:934: RuntimeWarning: divide by zero encountered in divide
  batch_duration_s > 0.001, trade_batch / batch_duration_s, 0.0
Cached 2Z features to /Users/diego/Dev/non-toxic/autoresearch-trading/.cache/2Z_93bd2ffb5298c9e7daeb031da4f68e2b.npz
  2Z: sortino=0.0000 trades=64 dd=0.2259 [FAIL]
Cache miss for AAVE test, computing features...
/Users/diego/Dev/non-toxic/autoresearch-trading/prepare.py:848: RuntimeWarning: divide by zero encountered in divide
  batch_duration_s > 0.001, trade_batch / batch_duration_s, 0.0
/Users/diego/Dev/non-toxic/autoresearch-trading/prepare.py:934: RuntimeWarning: divide by zero encountered in divide
  batch_duration_s > 0.001, trade_batch / batch_duration_s, 0.0
Cached AAVE features to /Users/diego/Dev/non-toxic/autoresearch-trading/.cache/AAVE_20d9574e61dc5ae6f9fc43b8717377b2.npz
  AAVE: sortino=0.0000 trades=64 dd=0.2531 [FAIL]
Cache miss for ASTER test, computing features...
/Users/diego/Dev/non-toxic/autoresearch-trading/prepare.py:848: RuntimeWarning: divide by zero encountered in divide
  batch_duration_s > 0.001, trade_batch / batch_duration_s, 0.0
/Users/diego/Dev/non-toxic/autoresearch-trading/prepare.py:934: RuntimeWarning: divide by zero encountered in divide
  batch_duration_s > 0.001, trade_batch / batch_duration_s, 0.0
Cached ASTER features to /Users/diego/Dev/non-toxic/autoresearch-trading/.cache/ASTER_e5b9e03e30f8cd32e991c7dee69e1bbc.npz
  ASTER: sortino=0.0000 trades=64 dd=0.2588 [FAIL]
Cache miss for AVAX test, computing features...
/Users/diego/Dev/non-toxic/autoresearch-trading/prepare.py:848: RuntimeWarning: divide by zero encountered in divide
  batch_duration_s > 0.001, trade_batch / batch_duration_s, 0.0
/Users/diego/Dev/non-toxic/autoresearch-trading/prepare.py:934: RuntimeWarning: divide by zero encountered in divide
  batch_duration_s > 0.001, trade_batch / batch_duration_s, 0.0
Cached AVAX features to /Users/diego/Dev/non-toxic/autoresearch-trading/.cache/AVAX_458297abdb813e6db6127348bfcd7035.npz
  AVAX: sortino=0.0000 trades=64 dd=0.2208 [FAIL]
Cache miss for BNB test, computing features...
/Users/diego/Dev/non-toxic/autoresearch-trading/prepare.py:848: RuntimeWarning: divide by zero encountered in divide
  batch_duration_s > 0.001, trade_batch / batch_duration_s, 0.0
/Users/diego/Dev/non-toxic/autoresearch-trading/prepare.py:909: RuntimeWarning: invalid value encountered in divide
  buy_vwap = np.where(buy_qty > 0, buy_notional / buy_qty, vwap)
/Users/diego/Dev/non-toxic/autoresearch-trading/prepare.py:934: RuntimeWarning: divide by zero encountered in divide
  batch_duration_s > 0.001, trade_batch / batch_duration_s, 0.0
Cached BNB features to /Users/diego/Dev/non-toxic/autoresearch-trading/.cache/BNB_f9eb971ba4ca3448e76eecc55f865d52.npz
  BNB: sortino=-0.1454 trades=64 dd=0.1737 wr=0.48 pf=0.80 [PASS]
Cache miss for BTC test, computing features...
/Users/diego/Dev/non-toxic/autoresearch-trading/prepare.py:848: RuntimeWarning: divide by zero encountered in divide
  batch_duration_s > 0.001, trade_batch / batch_duration_s, 0.0
/Users/diego/Dev/non-toxic/autoresearch-trading/prepare.py:934: RuntimeWarning: divide by zero encountered in divide
  batch_duration_s > 0.001, trade_batch / batch_duration_s, 0.0
Cached BTC features to /Users/diego/Dev/non-toxic/autoresearch-trading/.cache/BTC_cee68cfa64de785ae18be864df39ab28.npz
  BTC: sortino=0.1052 trades=64 dd=0.1401 wr=0.59 pf=1.12 [PASS]
Cache miss for CRV test, computing features...
/Users/diego/Dev/non-toxic/autoresearch-trading/prepare.py:848: RuntimeWarning: divide by zero encountered in divide
  batch_duration_s > 0.001, trade_batch / batch_duration_s, 0.0
/Users/diego/Dev/non-toxic/autoresearch-trading/prepare.py:934: RuntimeWarning: divide by zero encountered in divide
  batch_duration_s > 0.001, trade_batch / batch_duration_s, 0.0
Cached CRV features to /Users/diego/Dev/non-toxic/autoresearch-trading/.cache/CRV_4db688d3ba19ae07d333dfc932f69d1b.npz
  CRV: sortino=0.0000 trades=64 dd=0.3137 [FAIL]
Cache miss for DOGE test, computing features...
/Users/diego/Dev/non-toxic/autoresearch-trading/prepare.py:848: RuntimeWarning: divide by zero encountered in divide
  batch_duration_s > 0.001, trade_batch / batch_duration_s, 0.0
/Users/diego/Dev/non-toxic/autoresearch-trading/prepare.py:909: RuntimeWarning: invalid value encountered in divide
  buy_vwap = np.where(buy_qty > 0, buy_notional / buy_qty, vwap)
/Users/diego/Dev/non-toxic/autoresearch-trading/prepare.py:910: RuntimeWarning: invalid value encountered in divide
  sell_vwap = np.where(sell_qty > 0, sell_notional / sell_qty, vwap)
/Users/diego/Dev/non-toxic/autoresearch-trading/prepare.py:934: RuntimeWarning: divide by zero encountered in divide
  batch_duration_s > 0.001, trade_batch / batch_duration_s, 0.0
Cached DOGE features to /Users/diego/Dev/non-toxic/autoresearch-trading/.cache/DOGE_6c834fd46cc0e6779327cad906a7977a.npz
  DOGE: sortino=0.0000 trades=64 dd=0.2344 [FAIL]
Cache miss for ENA test, computing features...
/Users/diego/Dev/non-toxic/autoresearch-trading/prepare.py:848: RuntimeWarning: divide by zero encountered in divide
  batch_duration_s > 0.001, trade_batch / batch_duration_s, 0.0
/Users/diego/Dev/non-toxic/autoresearch-trading/prepare.py:909: RuntimeWarning: invalid value encountered in divide
  buy_vwap = np.where(buy_qty > 0, buy_notional / buy_qty, vwap)
/Users/diego/Dev/non-toxic/autoresearch-trading/prepare.py:934: RuntimeWarning: divide by zero encountered in divide
  batch_duration_s > 0.001, trade_batch / batch_duration_s, 0.0
Cached ENA features to /Users/diego/Dev/non-toxic/autoresearch-trading/.cache/ENA_686543e47363f0036ff8a93746e305bd.npz
  ENA: sortino=0.0809 trades=64 dd=0.1994 wr=0.52 pf=1.06 [PASS]
Cache miss for ETH test, computing features...
/Users/diego/Dev/non-toxic/autoresearch-trading/prepare.py:848: RuntimeWarning: divide by zero encountered in divide
  batch_duration_s > 0.001, trade_batch / batch_duration_s, 0.0
/Users/diego/Dev/non-toxic/autoresearch-trading/prepare.py:934: RuntimeWarning: divide by zero encountered in divide
  batch_duration_s > 0.001, trade_batch / batch_duration_s, 0.0
Cached ETH features to /Users/diego/Dev/non-toxic/autoresearch-trading/.cache/ETH_c0295ef197b333b08a1e4f15e3c5da45.npz
  ETH: sortino=0.0000 trades=64 dd=0.2089 [FAIL]
Cache miss for FARTCOIN test, computing features...
/Users/diego/Dev/non-toxic/autoresearch-trading/prepare.py:848: RuntimeWarning: divide by zero encountered in divide
  batch_duration_s > 0.001, trade_batch / batch_duration_s, 0.0
/Users/diego/Dev/non-toxic/autoresearch-trading/prepare.py:934: RuntimeWarning: divide by zero encountered in divide
  batch_duration_s > 0.001, trade_batch / batch_duration_s, 0.0
Cached FARTCOIN features to /Users/diego/Dev/non-toxic/autoresearch-trading/.cache/FARTCOIN_896f409bb7a0203cbf842e82cba99905.npz
  FARTCOIN: sortino=0.0000 trades=64 dd=0.3582 [FAIL]
Cache miss for HYPE test, computing features...
/Users/diego/Dev/non-toxic/autoresearch-trading/prepare.py:848: RuntimeWarning: divide by zero encountered in divide
  batch_duration_s > 0.001, trade_batch / batch_duration_s, 0.0
/Users/diego/Dev/non-toxic/autoresearch-trading/prepare.py:934: RuntimeWarning: divide by zero encountered in divide
  batch_duration_s > 0.001, trade_batch / batch_duration_s, 0.0
Cached HYPE features to /Users/diego/Dev/non-toxic/autoresearch-trading/.cache/HYPE_4fbc8d74f383e5b78401b8b77c1f8277.npz
  HYPE: sortino=0.0000 trades=64 dd=0.2409 [FAIL]
Cache miss for KBONK test, computing features...
/Users/diego/Dev/non-toxic/autoresearch-trading/prepare.py:848: RuntimeWarning: divide by zero encountered in divide
  batch_duration_s > 0.001, trade_batch / batch_duration_s, 0.0
/Users/diego/Dev/non-toxic/autoresearch-trading/prepare.py:934: RuntimeWarning: divide by zero encountered in divide
  batch_duration_s > 0.001, trade_batch / batch_duration_s, 0.0
Cached KBONK features to /Users/diego/Dev/non-toxic/autoresearch-trading/.cache/KBONK_5368b8ab25ae877c6769416831645faa.npz
  KBONK: sortino=0.0000 trades=64 dd=0.3236 [FAIL]
Cache miss for KPEPE test, computing features...
/Users/diego/Dev/non-toxic/autoresearch-trading/prepare.py:848: RuntimeWarning: divide by zero encountered in divide
  batch_duration_s > 0.001, trade_batch / batch_duration_s, 0.0
/Users/diego/Dev/non-toxic/autoresearch-trading/prepare.py:934: RuntimeWarning: divide by zero encountered in divide
  batch_duration_s > 0.001, trade_batch / batch_duration_s, 0.0
Cached KPEPE features to /Users/diego/Dev/non-toxic/autoresearch-trading/.cache/KPEPE_9a602f1143be367673476e3235057207.npz
  KPEPE: sortino=0.0000 trades=64 dd=0.2746 [FAIL]
Cache miss for LDO test, computing features...
/Users/diego/Dev/non-toxic/autoresearch-trading/prepare.py:848: RuntimeWarning: divide by zero encountered in divide
  batch_duration_s > 0.001, trade_batch / batch_duration_s, 0.0
/Users/diego/Dev/non-toxic/autoresearch-trading/prepare.py:934: RuntimeWarning: divide by zero encountered in divide
  batch_duration_s > 0.001, trade_batch / batch_duration_s, 0.0
Cached LDO features to /Users/diego/Dev/non-toxic/autoresearch-trading/.cache/LDO_405432cef314ec25811acb582e020984.npz
  LDO: sortino=0.0000 trades=64 dd=0.2089 [FAIL]
Cache miss for LINK test, computing features...
/Users/diego/Dev/non-toxic/autoresearch-trading/prepare.py:848: RuntimeWarning: divide by zero encountered in divide
  batch_duration_s > 0.001, trade_batch / batch_duration_s, 0.0
/Users/diego/Dev/non-toxic/autoresearch-trading/prepare.py:934: RuntimeWarning: divide by zero encountered in divide
  batch_duration_s > 0.001, trade_batch / batch_duration_s, 0.0
Cached LINK features to /Users/diego/Dev/non-toxic/autoresearch-trading/.cache/LINK_f57417583c6896d318a86566e234410e.npz
  LINK: sortino=0.0000 trades=64 dd=0.2201 [FAIL]
Cache miss for LTC test, computing features...
/Users/diego/Dev/non-toxic/autoresearch-trading/prepare.py:848: RuntimeWarning: divide by zero encountered in divide
  batch_duration_s > 0.001, trade_batch / batch_duration_s, 0.0
/Users/diego/Dev/non-toxic/autoresearch-trading/prepare.py:934: RuntimeWarning: divide by zero encountered in divide
  batch_duration_s > 0.001, trade_batch / batch_duration_s, 0.0
Cached LTC features to /Users/diego/Dev/non-toxic/autoresearch-trading/.cache/LTC_9fbc202a2566406eed7093ce1c5c04c9.npz
  LTC: sortino=-0.0217 trades=64 dd=0.1486 wr=0.53 pf=0.95 [PASS]
Cache miss for PENGU test, computing features...
/Users/diego/Dev/non-toxic/autoresearch-trading/prepare.py:848: RuntimeWarning: divide by zero encountered in divide
  batch_duration_s > 0.001, trade_batch / batch_duration_s, 0.0
/Users/diego/Dev/non-toxic/autoresearch-trading/prepare.py:934: RuntimeWarning: divide by zero encountered in divide
  batch_duration_s > 0.001, trade_batch / batch_duration_s, 0.0
Cached PENGU features to /Users/diego/Dev/non-toxic/autoresearch-trading/.cache/PENGU_7d69d568708594ca21439ff40e3b883c.npz
  PENGU: sortino=0.0000 trades=64 dd=0.3056 [FAIL]
Cache miss for PUMP test, computing features...
/Users/diego/Dev/non-toxic/autoresearch-trading/prepare.py:848: RuntimeWarning: divide by zero encountered in divide
  batch_duration_s > 0.001, trade_batch / batch_duration_s, 0.0
/Users/diego/Dev/non-toxic/autoresearch-trading/prepare.py:909: RuntimeWarning: invalid value encountered in divide
  buy_vwap = np.where(buy_qty > 0, buy_notional / buy_qty, vwap)
/Users/diego/Dev/non-toxic/autoresearch-trading/prepare.py:910: RuntimeWarning: invalid value encountered in divide
  sell_vwap = np.where(sell_qty > 0, sell_notional / sell_qty, vwap)
/Users/diego/Dev/non-toxic/autoresearch-trading/prepare.py:934: RuntimeWarning: divide by zero encountered in divide
  batch_duration_s > 0.001, trade_batch / batch_duration_s, 0.0
Cached PUMP features to /Users/diego/Dev/non-toxic/autoresearch-trading/.cache/PUMP_91da8b5c0091ba7681cc7371d756f8ad.npz
  PUMP: sortino=0.0000 trades=64 dd=0.2820 [FAIL]
Cache miss for SOL test, computing features...
/Users/diego/Dev/non-toxic/autoresearch-trading/prepare.py:848: RuntimeWarning: divide by zero encountered in divide
  batch_duration_s > 0.001, trade_batch / batch_duration_s, 0.0
/Users/diego/Dev/non-toxic/autoresearch-trading/prepare.py:934: RuntimeWarning: divide by zero encountered in divide
  batch_duration_s > 0.001, trade_batch / batch_duration_s, 0.0
Cached SOL features to /Users/diego/Dev/non-toxic/autoresearch-trading/.cache/SOL_421bc42b5e8e4b024b8961814c899311.npz
  SOL: sortino=0.1406 trades=64 dd=0.1921 wr=0.61 pf=1.14 [PASS]
Cache miss for SUI test, computing features...
/Users/diego/Dev/non-toxic/autoresearch-trading/prepare.py:848: RuntimeWarning: divide by zero encountered in divide
  batch_duration_s > 0.001, trade_batch / batch_duration_s, 0.0
/Users/diego/Dev/non-toxic/autoresearch-trading/prepare.py:909: RuntimeWarning: invalid value encountered in divide
  buy_vwap = np.where(buy_qty > 0, buy_notional / buy_qty, vwap)
/Users/diego/Dev/non-toxic/autoresearch-trading/prepare.py:910: RuntimeWarning: invalid value encountered in divide
  sell_vwap = np.where(sell_qty > 0, sell_notional / sell_qty, vwap)
/Users/diego/Dev/non-toxic/autoresearch-trading/prepare.py:934: RuntimeWarning: divide by zero encountered in divide
  batch_duration_s > 0.001, trade_batch / batch_duration_s, 0.0
Cached SUI features to /Users/diego/Dev/non-toxic/autoresearch-trading/.cache/SUI_87dd1a33c693177540a00f070c5da72f.npz
  SUI: sortino=0.0000 trades=64 dd=0.2456 [FAIL]
Cache miss for UNI test, computing features...
/Users/diego/Dev/non-toxic/autoresearch-trading/prepare.py:848: RuntimeWarning: divide by zero encountered in divide
  batch_duration_s > 0.001, trade_batch / batch_duration_s, 0.0
/Users/diego/Dev/non-toxic/autoresearch-trading/prepare.py:934: RuntimeWarning: divide by zero encountered in divide
  batch_duration_s > 0.001, trade_batch / batch_duration_s, 0.0
Cached UNI features to /Users/diego/Dev/non-toxic/autoresearch-trading/.cache/UNI_39521bede7cea024b60decbab28816c8.npz
  UNI: sortino=0.0000 trades=64 dd=0.2423 [FAIL]
Cache miss for WLFI test, computing features...
/Users/diego/Dev/non-toxic/autoresearch-trading/prepare.py:848: RuntimeWarning: divide by zero encountered in divide
  batch_duration_s > 0.001, trade_batch / batch_duration_s, 0.0
/Users/diego/Dev/non-toxic/autoresearch-trading/prepare.py:934: RuntimeWarning: divide by zero encountered in divide
  batch_duration_s > 0.001, trade_batch / batch_duration_s, 0.0
Cached WLFI features to /Users/diego/Dev/non-toxic/autoresearch-trading/.cache/WLFI_b0978a17d1352242408ad8b59a7cb7fb.npz
  WLFI: sortino=0.0000 trades=64 dd=0.3825 [FAIL]
Cache miss for XPL test, computing features...
/Users/diego/Dev/non-toxic/autoresearch-trading/prepare.py:848: RuntimeWarning: divide by zero encountered in divide
  batch_duration_s > 0.001, trade_batch / batch_duration_s, 0.0
/Users/diego/Dev/non-toxic/autoresearch-trading/prepare.py:934: RuntimeWarning: divide by zero encountered in divide
  batch_duration_s > 0.001, trade_batch / batch_duration_s, 0.0
Cached XPL features to /Users/diego/Dev/non-toxic/autoresearch-trading/.cache/XPL_7bb35309ae0c21afae114f28af002e89.npz
  XPL: sortino=0.0000 trades=64 dd=0.4334 [FAIL]
Cache miss for XRP test, computing features...
/Users/diego/Dev/non-toxic/autoresearch-trading/prepare.py:848: RuntimeWarning: divide by zero encountered in divide
  batch_duration_s > 0.001, trade_batch / batch_duration_s, 0.0
/Users/diego/Dev/non-toxic/autoresearch-trading/prepare.py:934: RuntimeWarning: divide by zero encountered in divide
  batch_duration_s > 0.001, trade_batch / batch_duration_s, 0.0
Cached XRP features to /Users/diego/Dev/non-toxic/autoresearch-trading/.cache/XRP_4baafb398742391254baf25bc923b73d.npz
  XRP: sortino=0.0000 trades=64 dd=0.2858 [FAIL]
---
=== PORTFOLIO SUMMARY ===
symbols_passing: 5/25
sortino: 0.031903
sharpe: 0.022537
calmar: 2.049128
cvar_95: 0.001991
num_trades: 1600
max_drawdown: 0.4334
win_rate: 0.5469
profit_factor: 1.0151
training_seconds: 300.0
total_steps: 31250000
num_updates: 122125

best_params: {'lr': 0.001, 'hdim': 256, 'nlayers': 2, 'batch_size': 256, 'fee_mult': 1.5, 'r_min': 0.0, 'vpin_max_z': 0.0}
