device: cpu
=== FAST MODE: using BEST_PARAMS ===


=== FINAL: 5 seeds x 60s on 23 symbols (excluded 2: {'CRV', 'XPL'}) ===
params: {'lr': 0.0044, 'hdim': 64, 'nlayers': 3, 'batch_size': 256, 'fee_mult': 5.0, 'r_min': 0.24, 'vpin_max_z': 0.0}

  Training seed 0 (60s)...
    flat: 49321 (21.4%)
    long: 87354 (38.0%)
    short: 93325 (40.6%)
  Training seed 1 (60s)...
    flat: 49316 (21.4%)
    long: 87343 (38.0%)
    short: 93341 (40.6%)
  Training seed 2 (60s)...
    flat: 49598 (21.6%)
    long: 87146 (37.9%)
    short: 93256 (40.5%)
  Training seed 3 (60s)...
    flat: 49691 (21.6%)
    long: 87332 (38.0%)
    short: 92977 (40.4%)
  Training seed 4 (60s)...
    flat: 49751 (21.6%)
    long: 87105 (37.9%)
    short: 93144 (40.5%)
  WARNING: alpha=0.221 < 0.5, using single best model
Loaded 2Z features from cache (/Users/diego/Dev/non-toxic/autoresearch-trading/.cache/2Z_6a40076aa2e3224eb0c3be4d4358cd5a.npz)
  2Z: sortino=-0.1471 trades=45 dd=0.1557 wr=0.30 pf=0.80 [PASS]
Loaded AAVE features from cache (/Users/diego/Dev/non-toxic/autoresearch-trading/.cache/AAVE_464a73be658ae853149ff0a3adfc6289.npz)
  AAVE: sortino=0.1538 trades=91 dd=0.1536 wr=0.55 pf=1.27 [PASS]
Loaded ASTER features from cache (/Users/diego/Dev/non-toxic/autoresearch-trading/.cache/ASTER_2c53d4606d4a33fb0677243ae5507a7c.npz)
  ASTER: sortino=0.0000 trades=88 dd=0.2653 [FAIL]
Loaded AVAX features from cache (/Users/diego/Dev/non-toxic/autoresearch-trading/.cache/AVAX_01844ef661ef712a29510aac6ec0a0b5.npz)
  AVAX: sortino=0.0441 trades=91 dd=0.1712 wr=0.43 pf=1.16 [PASS]
Loaded BNB features from cache (/Users/diego/Dev/non-toxic/autoresearch-trading/.cache/BNB_b89f561aae60a7b43b504a8148c3634f.npz)
  BNB: sortino=0.0000 trades=113 dd=0.2311 [FAIL]
Loaded BTC features from cache (/Users/diego/Dev/non-toxic/autoresearch-trading/.cache/BTC_c3ff9cd3ee9fa3aaacd71bf3a68a2a65.npz)
  BTC: sortino=0.2095 trades=110 dd=0.1269 wr=0.51 pf=1.35 [PASS]
Loaded DOGE features from cache (/Users/diego/Dev/non-toxic/autoresearch-trading/.cache/DOGE_d2846cde99654317a6f694e137616217.npz)
  DOGE: sortino=0.1869 trades=92 dd=0.1328 wr=0.52 pf=1.39 [PASS]
Loaded ENA features from cache (/Users/diego/Dev/non-toxic/autoresearch-trading/.cache/ENA_52b0e153d57112fdfc58f80824fbc2d6.npz)
  ENA: sortino=0.0000 trades=111 dd=0.4436 [FAIL]
Loaded ETH features from cache (/Users/diego/Dev/non-toxic/autoresearch-trading/.cache/ETH_feb9b6812f59cb23d8be5c8e16b3384b.npz)
  ETH: sortino=0.0000 trades=112 dd=0.3355 [FAIL]
Loaded FARTCOIN features from cache (/Users/diego/Dev/non-toxic/autoresearch-trading/.cache/FARTCOIN_eacd03122d0df6ce2261a37fb521ad91.npz)
  FARTCOIN: sortino=0.0000 trades=74 dd=0.2493 [FAIL]
Loaded HYPE features from cache (/Users/diego/Dev/non-toxic/autoresearch-trading/.cache/HYPE_44cd6fbd34648cfc5604fc6c4effa192.npz)
  HYPE: sortino=0.0000 trades=113 dd=0.2309 [FAIL]
Loaded KBONK features from cache (/Users/diego/Dev/non-toxic/autoresearch-trading/.cache/KBONK_fbb667d4dd26c5c1d6e51f92ab5fec37.npz)
  KBONK: sortino=0.0000 trades=38 dd=0.2402 [FAIL]
Loaded KPEPE features from cache (/Users/diego/Dev/non-toxic/autoresearch-trading/.cache/KPEPE_ba538a6217a32b6c356b6c51edaa443c.npz)
  KPEPE: sortino=0.0000 trades=82 dd=0.4792 [FAIL]
Loaded LDO features from cache (/Users/diego/Dev/non-toxic/autoresearch-trading/.cache/LDO_7b43b5003debee46ab1a8089a516a4c2.npz)
  LDO: sortino=-0.0604 trades=37 dd=0.1887 wr=0.58 pf=0.93 [PASS]
Loaded LINK features from cache (/Users/diego/Dev/non-toxic/autoresearch-trading/.cache/LINK_d905d8bf24a39ef3da5fd48f3c7a3768.npz)
  LINK: sortino=0.1260 trades=80 dd=0.1524 wr=0.51 pf=1.28 [PASS]
Loaded LTC features from cache (/Users/diego/Dev/non-toxic/autoresearch-trading/.cache/LTC_828e6210fe351c1b58f5e9d6266e7d39.npz)
  LTC: sortino=-0.1757 trades=75 dd=0.1965 wr=0.38 pf=0.83 [PASS]
Loaded PENGU features from cache (/Users/diego/Dev/non-toxic/autoresearch-trading/.cache/PENGU_147a6a992be5b7fe7b609e1446b13990.npz)
  PENGU: sortino=0.0000 trades=50 dd=0.2564 [FAIL]
Loaded PUMP features from cache (/Users/diego/Dev/non-toxic/autoresearch-trading/.cache/PUMP_6e0b1fcd7b7fb18eb1c0efff0c045bf3.npz)
  PUMP: sortino=0.0000 trades=105 dd=0.2932 [FAIL]
Loaded SOL features from cache (/Users/diego/Dev/non-toxic/autoresearch-trading/.cache/SOL_1d9f31dff416ad1c06c69acad4731196.npz)
  SOL: sortino=0.0464 trades=111 dd=0.1471 wr=0.52 pf=1.09 [PASS]
Loaded SUI features from cache (/Users/diego/Dev/non-toxic/autoresearch-trading/.cache/SUI_cd6090aeaca352f9096a126f53d5214d.npz)
  SUI: sortino=0.0000 trades=106 dd=0.5495 [FAIL]
Loaded UNI features from cache (/Users/diego/Dev/non-toxic/autoresearch-trading/.cache/UNI_62fe01cf3d5f73d7679c34e3caa6e925.npz)
  UNI: sortino=0.0000 trades=73 dd=0.2953 [FAIL]
Loaded WLFI features from cache (/Users/diego/Dev/non-toxic/autoresearch-trading/.cache/WLFI_dab77641c55012d6432ebe14f2b9f949.npz)
  WLFI: sortino=0.0000 trades=99 dd=0.3314 [FAIL]
Loaded XRP features from cache (/Users/diego/Dev/non-toxic/autoresearch-trading/.cache/XRP_cfa0eee814c73c60f29193ae8ab96d31.npz)
  XRP: sortino=0.0000 trades=107 dd=0.3040 [FAIL]
---
=== PORTFOLIO SUMMARY ===
symbols_passing: 9/23
sortino: 0.042618
sharpe: 0.028412
calmar: 3.068700
cvar_95: 0.001784
num_trades: 2003
max_drawdown: 0.5495
win_rate: 0.4783
profit_factor: 1.1242
training_seconds: 300.0
total_steps: 28750000
num_updates: 112375

best_params: {'lr': 0.0044, 'hdim': 64, 'nlayers': 3, 'batch_size': 256, 'fee_mult': 5.0, 'r_min': 0.24, 'vpin_max_z': 0.0}
