======================================================================
FEATURE ABLATION — v11 (17 features)
======================================================================
Params: {'lr': 0.001, 'hdim': 256, 'nlayers': 2, 'batch_size': 256, 'fee_mult': 1.5, 'r_min': 0.0, 'vpin_max_z': 0.0}
Seeds: 5, Symbols: 25

Step 1: Training ensemble on all 17 features...
  Training seed 0...
    flat: 67 (0.0%)
    long: 124200 (49.7%)
    short: 125733 (50.3%)
  Training seed 1...
    flat: 61 (0.0%)
    long: 124204 (49.7%)
    short: 125735 (50.3%)
  Training seed 2...
    flat: 55 (0.0%)
    long: 123873 (49.5%)
    short: 126072 (50.4%)
  Training seed 3...
    flat: 58 (0.0%)
    long: 123704 (49.5%)
    short: 126238 (50.5%)
  Training seed 4...
    flat: 60 (0.0%)
    long: 124004 (49.6%)
    short: 125936 (50.4%)
  Training done in 399s

Step 2: Running ablation experiments...
Config                                         Sortino   Pass  Trades   MaxDD    Delta
-------------------------------------------------------------------------------------
Loaded 2Z features from cache (/Users/diego/Dev/non-toxic/autoresearch-trading/.cache/2Z_93bd2ffb5298c9e7daeb031da4f68e2b.npz)
Loaded AAVE features from cache (/Users/diego/Dev/non-toxic/autoresearch-trading/.cache/AAVE_20d9574e61dc5ae6f9fc43b8717377b2.npz)
Loaded ASTER features from cache (/Users/diego/Dev/non-toxic/autoresearch-trading/.cache/ASTER_e5b9e03e30f8cd32e991c7dee69e1bbc.npz)
Loaded AVAX features from cache (/Users/diego/Dev/non-toxic/autoresearch-trading/.cache/AVAX_458297abdb813e6db6127348bfcd7035.npz)
Loaded BNB features from cache (/Users/diego/Dev/non-toxic/autoresearch-trading/.cache/BNB_f9eb971ba4ca3448e76eecc55f865d52.npz)
Loaded BTC features from cache (/Users/diego/Dev/non-toxic/autoresearch-trading/.cache/BTC_cee68cfa64de785ae18be864df39ab28.npz)
Loaded CRV features from cache (/Users/diego/Dev/non-toxic/autoresearch-trading/.cache/CRV_4db688d3ba19ae07d333dfc932f69d1b.npz)
Loaded DOGE features from cache (/Users/diego/Dev/non-toxic/autoresearch-trading/.cache/DOGE_6c834fd46cc0e6779327cad906a7977a.npz)
Loaded ENA features from cache (/Users/diego/Dev/non-toxic/autoresearch-trading/.cache/ENA_686543e47363f0036ff8a93746e305bd.npz)
Loaded ETH features from cache (/Users/diego/Dev/non-toxic/autoresearch-trading/.cache/ETH_c0295ef197b333b08a1e4f15e3c5da45.npz)
Loaded FARTCOIN features from cache (/Users/diego/Dev/non-toxic/autoresearch-trading/.cache/FARTCOIN_896f409bb7a0203cbf842e82cba99905.npz)
Loaded HYPE features from cache (/Users/diego/Dev/non-toxic/autoresearch-trading/.cache/HYPE_4fbc8d74f383e5b78401b8b77c1f8277.npz)
Loaded KBONK features from cache (/Users/diego/Dev/non-toxic/autoresearch-trading/.cache/KBONK_5368b8ab25ae877c6769416831645faa.npz)
Loaded KPEPE features from cache (/Users/diego/Dev/non-toxic/autoresearch-trading/.cache/KPEPE_9a602f1143be367673476e3235057207.npz)
Loaded LDO features from cache (/Users/diego/Dev/non-toxic/autoresearch-trading/.cache/LDO_405432cef314ec25811acb582e020984.npz)
Loaded LINK features from cache (/Users/diego/Dev/non-toxic/autoresearch-trading/.cache/LINK_f57417583c6896d318a86566e234410e.npz)
Loaded LTC features from cache (/Users/diego/Dev/non-toxic/autoresearch-trading/.cache/LTC_9fbc202a2566406eed7093ce1c5c04c9.npz)
Loaded PENGU features from cache (/Users/diego/Dev/non-toxic/autoresearch-trading/.cache/PENGU_7d69d568708594ca21439ff40e3b883c.npz)
Loaded PUMP features from cache (/Users/diego/Dev/non-toxic/autoresearch-trading/.cache/PUMP_91da8b5c0091ba7681cc7371d756f8ad.npz)
Loaded SOL features from cache (/Users/diego/Dev/non-toxic/autoresearch-trading/.cache/SOL_421bc42b5e8e4b024b8961814c899311.npz)
Loaded SUI features from cache (/Users/diego/Dev/non-toxic/autoresearch-trading/.cache/SUI_87dd1a33c693177540a00f070c5da72f.npz)
Loaded UNI features from cache (/Users/diego/Dev/non-toxic/autoresearch-trading/.cache/UNI_39521bede7cea024b60decbab28816c8.npz)
Loaded WLFI features from cache (/Users/diego/Dev/non-toxic/autoresearch-trading/.cache/WLFI_b0978a17d1352242408ad8b59a7cb7fb.npz)
Loaded XPL features from cache (/Users/diego/Dev/non-toxic/autoresearch-trading/.cache/XPL_7bb35309ae0c21afae114f28af002e89.npz)
Loaded XRP features from cache (/Users/diego/Dev/non-toxic/autoresearch-trading/.cache/XRP_4baafb398742391254baf25bc923b73d.npz)
baseline (all 17)                               0.0319    5/25    1600  0.4334         
Loaded 2Z features from cache (/Users/diego/Dev/non-toxic/autoresearch-trading/.cache/2Z_93bd2ffb5298c9e7daeb031da4f68e2b.npz)
Loaded AAVE features from cache (/Users/diego/Dev/non-toxic/autoresearch-trading/.cache/AAVE_20d9574e61dc5ae6f9fc43b8717377b2.npz)
Loaded ASTER features from cache (/Users/diego/Dev/non-toxic/autoresearch-trading/.cache/ASTER_e5b9e03e30f8cd32e991c7dee69e1bbc.npz)
Loaded AVAX features from cache (/Users/diego/Dev/non-toxic/autoresearch-trading/.cache/AVAX_458297abdb813e6db6127348bfcd7035.npz)
Loaded BNB features from cache (/Users/diego/Dev/non-toxic/autoresearch-trading/.cache/BNB_f9eb971ba4ca3448e76eecc55f865d52.npz)
Loaded BTC features from cache (/Users/diego/Dev/non-toxic/autoresearch-trading/.cache/BTC_cee68cfa64de785ae18be864df39ab28.npz)
Loaded CRV features from cache (/Users/diego/Dev/non-toxic/autoresearch-trading/.cache/CRV_4db688d3ba19ae07d333dfc932f69d1b.npz)
Loaded DOGE features from cache (/Users/diego/Dev/non-toxic/autoresearch-trading/.cache/DOGE_6c834fd46cc0e6779327cad906a7977a.npz)
Loaded ENA features from cache (/Users/diego/Dev/non-toxic/autoresearch-trading/.cache/ENA_686543e47363f0036ff8a93746e305bd.npz)
Loaded ETH features from cache (/Users/diego/Dev/non-toxic/autoresearch-trading/.cache/ETH_c0295ef197b333b08a1e4f15e3c5da45.npz)
Loaded FARTCOIN features from cache (/Users/diego/Dev/non-toxic/autoresearch-trading/.cache/FARTCOIN_896f409bb7a0203cbf842e82cba99905.npz)
Loaded HYPE features from cache (/Users/diego/Dev/non-toxic/autoresearch-trading/.cache/HYPE_4fbc8d74f383e5b78401b8b77c1f8277.npz)
Loaded KBONK features from cache (/Users/diego/Dev/non-toxic/autoresearch-trading/.cache/KBONK_5368b8ab25ae877c6769416831645faa.npz)
Loaded KPEPE features from cache (/Users/diego/Dev/non-toxic/autoresearch-trading/.cache/KPEPE_9a602f1143be367673476e3235057207.npz)
Loaded LDO features from cache (/Users/diego/Dev/non-toxic/autoresearch-trading/.cache/LDO_405432cef314ec25811acb582e020984.npz)
Loaded LINK features from cache (/Users/diego/Dev/non-toxic/autoresearch-trading/.cache/LINK_f57417583c6896d318a86566e234410e.npz)
Loaded LTC features from cache (/Users/diego/Dev/non-toxic/autoresearch-trading/.cache/LTC_9fbc202a2566406eed7093ce1c5c04c9.npz)
Loaded PENGU features from cache (/Users/diego/Dev/non-toxic/autoresearch-trading/.cache/PENGU_7d69d568708594ca21439ff40e3b883c.npz)
Loaded PUMP features from cache (/Users/diego/Dev/non-toxic/autoresearch-trading/.cache/PUMP_91da8b5c0091ba7681cc7371d756f8ad.npz)
Loaded SOL features from cache (/Users/diego/Dev/non-toxic/autoresearch-trading/.cache/SOL_421bc42b5e8e4b024b8961814c899311.npz)
Loaded SUI features from cache (/Users/diego/Dev/non-toxic/autoresearch-trading/.cache/SUI_87dd1a33c693177540a00f070c5da72f.npz)
Loaded UNI features from cache (/Users/diego/Dev/non-toxic/autoresearch-trading/.cache/UNI_39521bede7cea024b60decbab28816c8.npz)
Loaded WLFI features from cache (/Users/diego/Dev/non-toxic/autoresearch-trading/.cache/WLFI_b0978a17d1352242408ad8b59a7cb7fb.npz)
Loaded XPL features from cache (/Users/diego/Dev/non-toxic/autoresearch-trading/.cache/XPL_7bb35309ae0c21afae114f28af002e89.npz)
Loaded XRP features from cache (/Users/diego/Dev/non-toxic/autoresearch-trading/.cache/XRP_4baafb398742391254baf25bc923b73d.npz)
drop all 8 new (back to v10 9-feat)             0.0912    6/25    1596  0.4056  +0.0593
Loaded 2Z features from cache (/Users/diego/Dev/non-toxic/autoresearch-trading/.cache/2Z_93bd2ffb5298c9e7daeb031da4f68e2b.npz)
Loaded AAVE features from cache (/Users/diego/Dev/non-toxic/autoresearch-trading/.cache/AAVE_20d9574e61dc5ae6f9fc43b8717377b2.npz)
Loaded ASTER features from cache (/Users/diego/Dev/non-toxic/autoresearch-trading/.cache/ASTER_e5b9e03e30f8cd32e991c7dee69e1bbc.npz)
Loaded AVAX features from cache (/Users/diego/Dev/non-toxic/autoresearch-trading/.cache/AVAX_458297abdb813e6db6127348bfcd7035.npz)
Loaded BNB features from cache (/Users/diego/Dev/non-toxic/autoresearch-trading/.cache/BNB_f9eb971ba4ca3448e76eecc55f865d52.npz)
Loaded BTC features from cache (/Users/diego/Dev/non-toxic/autoresearch-trading/.cache/BTC_cee68cfa64de785ae18be864df39ab28.npz)
Loaded CRV features from cache (/Users/diego/Dev/non-toxic/autoresearch-trading/.cache/CRV_4db688d3ba19ae07d333dfc932f69d1b.npz)
Loaded DOGE features from cache (/Users/diego/Dev/non-toxic/autoresearch-trading/.cache/DOGE_6c834fd46cc0e6779327cad906a7977a.npz)
Loaded ENA features from cache (/Users/diego/Dev/non-toxic/autoresearch-trading/.cache/ENA_686543e47363f0036ff8a93746e305bd.npz)
Loaded ETH features from cache (/Users/diego/Dev/non-toxic/autoresearch-trading/.cache/ETH_c0295ef197b333b08a1e4f15e3c5da45.npz)
Loaded FARTCOIN features from cache (/Users/diego/Dev/non-toxic/autoresearch-trading/.cache/FARTCOIN_896f409bb7a0203cbf842e82cba99905.npz)
Loaded HYPE features from cache (/Users/diego/Dev/non-toxic/autoresearch-trading/.cache/HYPE_4fbc8d74f383e5b78401b8b77c1f8277.npz)
Loaded KBONK features from cache (/Users/diego/Dev/non-toxic/autoresearch-trading/.cache/KBONK_5368b8ab25ae877c6769416831645faa.npz)
Loaded KPEPE features from cache (/Users/diego/Dev/non-toxic/autoresearch-trading/.cache/KPEPE_9a602f1143be367673476e3235057207.npz)
Loaded LDO features from cache (/Users/diego/Dev/non-toxic/autoresearch-trading/.cache/LDO_405432cef314ec25811acb582e020984.npz)
Loaded LINK features from cache (/Users/diego/Dev/non-toxic/autoresearch-trading/.cache/LINK_f57417583c6896d318a86566e234410e.npz)
Loaded LTC features from cache (/Users/diego/Dev/non-toxic/autoresearch-trading/.cache/LTC_9fbc202a2566406eed7093ce1c5c04c9.npz)
Loaded PENGU features from cache (/Users/diego/Dev/non-toxic/autoresearch-trading/.cache/PENGU_7d69d568708594ca21439ff40e3b883c.npz)
Loaded PUMP features from cache (/Users/diego/Dev/non-toxic/autoresearch-trading/.cache/PUMP_91da8b5c0091ba7681cc7371d756f8ad.npz)
Loaded SOL features from cache (/Users/diego/Dev/non-toxic/autoresearch-trading/.cache/SOL_421bc42b5e8e4b024b8961814c899311.npz)
Loaded SUI features from cache (/Users/diego/Dev/non-toxic/autoresearch-trading/.cache/SUI_87dd1a33c693177540a00f070c5da72f.npz)
Loaded UNI features from cache (/Users/diego/Dev/non-toxic/autoresearch-trading/.cache/UNI_39521bede7cea024b60decbab28816c8.npz)
Loaded WLFI features from cache (/Users/diego/Dev/non-toxic/autoresearch-trading/.cache/WLFI_b0978a17d1352242408ad8b59a7cb7fb.npz)
Loaded XPL features from cache (/Users/diego/Dev/non-toxic/autoresearch-trading/.cache/XPL_7bb35309ae0c21afae114f28af002e89.npz)
Loaded XRP features from cache (/Users/diego/Dev/non-toxic/autoresearch-trading/.cache/XRP_4baafb398742391254baf25bc923b73d.npz)
drop multi_level_ofi (#9)                       0.0118    5/25    1599  0.4382  -0.0201
Loaded 2Z features from cache (/Users/diego/Dev/non-toxic/autoresearch-trading/.cache/2Z_93bd2ffb5298c9e7daeb031da4f68e2b.npz)
Loaded AAVE features from cache (/Users/diego/Dev/non-toxic/autoresearch-trading/.cache/AAVE_20d9574e61dc5ae6f9fc43b8717377b2.npz)
Loaded ASTER features from cache (/Users/diego/Dev/non-toxic/autoresearch-trading/.cache/ASTER_e5b9e03e30f8cd32e991c7dee69e1bbc.npz)
Loaded AVAX features from cache (/Users/diego/Dev/non-toxic/autoresearch-trading/.cache/AVAX_458297abdb813e6db6127348bfcd7035.npz)
Loaded BNB features from cache (/Users/diego/Dev/non-toxic/autoresearch-trading/.cache/BNB_f9eb971ba4ca3448e76eecc55f865d52.npz)
Loaded BTC features from cache (/Users/diego/Dev/non-toxic/autoresearch-trading/.cache/BTC_cee68cfa64de785ae18be864df39ab28.npz)
Loaded CRV features from cache (/Users/diego/Dev/non-toxic/autoresearch-trading/.cache/CRV_4db688d3ba19ae07d333dfc932f69d1b.npz)
Loaded DOGE features from cache (/Users/diego/Dev/non-toxic/autoresearch-trading/.cache/DOGE_6c834fd46cc0e6779327cad906a7977a.npz)
Loaded ENA features from cache (/Users/diego/Dev/non-toxic/autoresearch-trading/.cache/ENA_686543e47363f0036ff8a93746e305bd.npz)
Loaded ETH features from cache (/Users/diego/Dev/non-toxic/autoresearch-trading/.cache/ETH_c0295ef197b333b08a1e4f15e3c5da45.npz)
Loaded FARTCOIN features from cache (/Users/diego/Dev/non-toxic/autoresearch-trading/.cache/FARTCOIN_896f409bb7a0203cbf842e82cba99905.npz)
Loaded HYPE features from cache (/Users/diego/Dev/non-toxic/autoresearch-trading/.cache/HYPE_4fbc8d74f383e5b78401b8b77c1f8277.npz)
Loaded KBONK features from cache (/Users/diego/Dev/non-toxic/autoresearch-trading/.cache/KBONK_5368b8ab25ae877c6769416831645faa.npz)
Loaded KPEPE features from cache (/Users/diego/Dev/non-toxic/autoresearch-trading/.cache/KPEPE_9a602f1143be367673476e3235057207.npz)
Loaded LDO features from cache (/Users/diego/Dev/non-toxic/autoresearch-trading/.cache/LDO_405432cef314ec25811acb582e020984.npz)
Loaded LINK features from cache (/Users/diego/Dev/non-toxic/autoresearch-trading/.cache/LINK_f57417583c6896d318a86566e234410e.npz)
Loaded LTC features from cache (/Users/diego/Dev/non-toxic/autoresearch-trading/.cache/LTC_9fbc202a2566406eed7093ce1c5c04c9.npz)
Loaded PENGU features from cache (/Users/diego/Dev/non-toxic/autoresearch-trading/.cache/PENGU_7d69d568708594ca21439ff40e3b883c.npz)
Loaded PUMP features from cache (/Users/diego/Dev/non-toxic/autoresearch-trading/.cache/PUMP_91da8b5c0091ba7681cc7371d756f8ad.npz)
Loaded SOL features from cache (/Users/diego/Dev/non-toxic/autoresearch-trading/.cache/SOL_421bc42b5e8e4b024b8961814c899311.npz)
Loaded SUI features from cache (/Users/diego/Dev/non-toxic/autoresearch-trading/.cache/SUI_87dd1a33c693177540a00f070c5da72f.npz)
Loaded UNI features from cache (/Users/diego/Dev/non-toxic/autoresearch-trading/.cache/UNI_39521bede7cea024b60decbab28816c8.npz)
Loaded WLFI features from cache (/Users/diego/Dev/non-toxic/autoresearch-trading/.cache/WLFI_b0978a17d1352242408ad8b59a7cb7fb.npz)
Loaded XPL features from cache (/Users/diego/Dev/non-toxic/autoresearch-trading/.cache/XPL_7bb35309ae0c21afae114f28af002e89.npz)
Loaded XRP features from cache (/Users/diego/Dev/non-toxic/autoresearch-trading/.cache/XRP_4baafb398742391254baf25bc923b73d.npz)
drop buy_vwap_dev (#10)                         0.0033    5/25    1599  0.4310  -0.0286
Loaded 2Z features from cache (/Users/diego/Dev/non-toxic/autoresearch-trading/.cache/2Z_93bd2ffb5298c9e7daeb031da4f68e2b.npz)
Loaded AAVE features from cache (/Users/diego/Dev/non-toxic/autoresearch-trading/.cache/AAVE_20d9574e61dc5ae6f9fc43b8717377b2.npz)
Loaded ASTER features from cache (/Users/diego/Dev/non-toxic/autoresearch-trading/.cache/ASTER_e5b9e03e30f8cd32e991c7dee69e1bbc.npz)
Loaded AVAX features from cache (/Users/diego/Dev/non-toxic/autoresearch-trading/.cache/AVAX_458297abdb813e6db6127348bfcd7035.npz)
Loaded BNB features from cache (/Users/diego/Dev/non-toxic/autoresearch-trading/.cache/BNB_f9eb971ba4ca3448e76eecc55f865d52.npz)
Loaded BTC features from cache (/Users/diego/Dev/non-toxic/autoresearch-trading/.cache/BTC_cee68cfa64de785ae18be864df39ab28.npz)
Loaded CRV features from cache (/Users/diego/Dev/non-toxic/autoresearch-trading/.cache/CRV_4db688d3ba19ae07d333dfc932f69d1b.npz)
Loaded DOGE features from cache (/Users/diego/Dev/non-toxic/autoresearch-trading/.cache/DOGE_6c834fd46cc0e6779327cad906a7977a.npz)
Loaded ENA features from cache (/Users/diego/Dev/non-toxic/autoresearch-trading/.cache/ENA_686543e47363f0036ff8a93746e305bd.npz)
Loaded ETH features from cache (/Users/diego/Dev/non-toxic/autoresearch-trading/.cache/ETH_c0295ef197b333b08a1e4f15e3c5da45.npz)
Loaded FARTCOIN features from cache (/Users/diego/Dev/non-toxic/autoresearch-trading/.cache/FARTCOIN_896f409bb7a0203cbf842e82cba99905.npz)
Loaded HYPE features from cache (/Users/diego/Dev/non-toxic/autoresearch-trading/.cache/HYPE_4fbc8d74f383e5b78401b8b77c1f8277.npz)
Loaded KBONK features from cache (/Users/diego/Dev/non-toxic/autoresearch-trading/.cache/KBONK_5368b8ab25ae877c6769416831645faa.npz)
Loaded KPEPE features from cache (/Users/diego/Dev/non-toxic/autoresearch-trading/.cache/KPEPE_9a602f1143be367673476e3235057207.npz)
Loaded LDO features from cache (/Users/diego/Dev/non-toxic/autoresearch-trading/.cache/LDO_405432cef314ec25811acb582e020984.npz)
Loaded LINK features from cache (/Users/diego/Dev/non-toxic/autoresearch-trading/.cache/LINK_f57417583c6896d318a86566e234410e.npz)
Loaded LTC features from cache (/Users/diego/Dev/non-toxic/autoresearch-trading/.cache/LTC_9fbc202a2566406eed7093ce1c5c04c9.npz)
Loaded PENGU features from cache (/Users/diego/Dev/non-toxic/autoresearch-trading/.cache/PENGU_7d69d568708594ca21439ff40e3b883c.npz)
Loaded PUMP features from cache (/Users/diego/Dev/non-toxic/autoresearch-trading/.cache/PUMP_91da8b5c0091ba7681cc7371d756f8ad.npz)
Loaded SOL features from cache (/Users/diego/Dev/non-toxic/autoresearch-trading/.cache/SOL_421bc42b5e8e4b024b8961814c899311.npz)
Loaded SUI features from cache (/Users/diego/Dev/non-toxic/autoresearch-trading/.cache/SUI_87dd1a33c693177540a00f070c5da72f.npz)
Loaded UNI features from cache (/Users/diego/Dev/non-toxic/autoresearch-trading/.cache/UNI_39521bede7cea024b60decbab28816c8.npz)
Loaded WLFI features from cache (/Users/diego/Dev/non-toxic/autoresearch-trading/.cache/WLFI_b0978a17d1352242408ad8b59a7cb7fb.npz)
Loaded XPL features from cache (/Users/diego/Dev/non-toxic/autoresearch-trading/.cache/XPL_7bb35309ae0c21afae114f28af002e89.npz)
Loaded XRP features from cache (/Users/diego/Dev/non-toxic/autoresearch-trading/.cache/XRP_4baafb398742391254baf25bc923b73d.npz)
drop sell_vwap_dev (#11)                        0.0379    6/25    1599  0.4395  +0.0060
Loaded 2Z features from cache (/Users/diego/Dev/non-toxic/autoresearch-trading/.cache/2Z_93bd2ffb5298c9e7daeb031da4f68e2b.npz)
Loaded AAVE features from cache (/Users/diego/Dev/non-toxic/autoresearch-trading/.cache/AAVE_20d9574e61dc5ae6f9fc43b8717377b2.npz)
Loaded ASTER features from cache (/Users/diego/Dev/non-toxic/autoresearch-trading/.cache/ASTER_e5b9e03e30f8cd32e991c7dee69e1bbc.npz)
Loaded AVAX features from cache (/Users/diego/Dev/non-toxic/autoresearch-trading/.cache/AVAX_458297abdb813e6db6127348bfcd7035.npz)
Loaded BNB features from cache (/Users/diego/Dev/non-toxic/autoresearch-trading/.cache/BNB_f9eb971ba4ca3448e76eecc55f865d52.npz)
Loaded BTC features from cache (/Users/diego/Dev/non-toxic/autoresearch-trading/.cache/BTC_cee68cfa64de785ae18be864df39ab28.npz)
Loaded CRV features from cache (/Users/diego/Dev/non-toxic/autoresearch-trading/.cache/CRV_4db688d3ba19ae07d333dfc932f69d1b.npz)
Loaded DOGE features from cache (/Users/diego/Dev/non-toxic/autoresearch-trading/.cache/DOGE_6c834fd46cc0e6779327cad906a7977a.npz)
Loaded ENA features from cache (/Users/diego/Dev/non-toxic/autoresearch-trading/.cache/ENA_686543e47363f0036ff8a93746e305bd.npz)
Loaded ETH features from cache (/Users/diego/Dev/non-toxic/autoresearch-trading/.cache/ETH_c0295ef197b333b08a1e4f15e3c5da45.npz)
Loaded FARTCOIN features from cache (/Users/diego/Dev/non-toxic/autoresearch-trading/.cache/FARTCOIN_896f409bb7a0203cbf842e82cba99905.npz)
Loaded HYPE features from cache (/Users/diego/Dev/non-toxic/autoresearch-trading/.cache/HYPE_4fbc8d74f383e5b78401b8b77c1f8277.npz)
Loaded KBONK features from cache (/Users/diego/Dev/non-toxic/autoresearch-trading/.cache/KBONK_5368b8ab25ae877c6769416831645faa.npz)
Loaded KPEPE features from cache (/Users/diego/Dev/non-toxic/autoresearch-trading/.cache/KPEPE_9a602f1143be367673476e3235057207.npz)
Loaded LDO features from cache (/Users/diego/Dev/non-toxic/autoresearch-trading/.cache/LDO_405432cef314ec25811acb582e020984.npz)
Loaded LINK features from cache (/Users/diego/Dev/non-toxic/autoresearch-trading/.cache/LINK_f57417583c6896d318a86566e234410e.npz)
Loaded LTC features from cache (/Users/diego/Dev/non-toxic/autoresearch-trading/.cache/LTC_9fbc202a2566406eed7093ce1c5c04c9.npz)
Loaded PENGU features from cache (/Users/diego/Dev/non-toxic/autoresearch-trading/.cache/PENGU_7d69d568708594ca21439ff40e3b883c.npz)
Loaded PUMP features from cache (/Users/diego/Dev/non-toxic/autoresearch-trading/.cache/PUMP_91da8b5c0091ba7681cc7371d756f8ad.npz)
Loaded SOL features from cache (/Users/diego/Dev/non-toxic/autoresearch-trading/.cache/SOL_421bc42b5e8e4b024b8961814c899311.npz)
Loaded SUI features from cache (/Users/diego/Dev/non-toxic/autoresearch-trading/.cache/SUI_87dd1a33c693177540a00f070c5da72f.npz)
Loaded UNI features from cache (/Users/diego/Dev/non-toxic/autoresearch-trading/.cache/UNI_39521bede7cea024b60decbab28816c8.npz)
Loaded WLFI features from cache (/Users/diego/Dev/non-toxic/autoresearch-trading/.cache/WLFI_b0978a17d1352242408ad8b59a7cb7fb.npz)
Loaded XPL features from cache (/Users/diego/Dev/non-toxic/autoresearch-trading/.cache/XPL_7bb35309ae0c21afae114f28af002e89.npz)
Loaded XRP features from cache (/Users/diego/Dev/non-toxic/autoresearch-trading/.cache/XRP_4baafb398742391254baf25bc923b73d.npz)
drop spread_bps (#12)                           0.0762    6/25    1600  0.4395  +0.0443
Loaded 2Z features from cache (/Users/diego/Dev/non-toxic/autoresearch-trading/.cache/2Z_93bd2ffb5298c9e7daeb031da4f68e2b.npz)
Loaded AAVE features from cache (/Users/diego/Dev/non-toxic/autoresearch-trading/.cache/AAVE_20d9574e61dc5ae6f9fc43b8717377b2.npz)
Loaded ASTER features from cache (/Users/diego/Dev/non-toxic/autoresearch-trading/.cache/ASTER_e5b9e03e30f8cd32e991c7dee69e1bbc.npz)
Loaded AVAX features from cache (/Users/diego/Dev/non-toxic/autoresearch-trading/.cache/AVAX_458297abdb813e6db6127348bfcd7035.npz)
Loaded BNB features from cache (/Users/diego/Dev/non-toxic/autoresearch-trading/.cache/BNB_f9eb971ba4ca3448e76eecc55f865d52.npz)
Loaded BTC features from cache (/Users/diego/Dev/non-toxic/autoresearch-trading/.cache/BTC_cee68cfa64de785ae18be864df39ab28.npz)
Loaded CRV features from cache (/Users/diego/Dev/non-toxic/autoresearch-trading/.cache/CRV_4db688d3ba19ae07d333dfc932f69d1b.npz)
Loaded DOGE features from cache (/Users/diego/Dev/non-toxic/autoresearch-trading/.cache/DOGE_6c834fd46cc0e6779327cad906a7977a.npz)
Loaded ENA features from cache (/Users/diego/Dev/non-toxic/autoresearch-trading/.cache/ENA_686543e47363f0036ff8a93746e305bd.npz)
Loaded ETH features from cache (/Users/diego/Dev/non-toxic/autoresearch-trading/.cache/ETH_c0295ef197b333b08a1e4f15e3c5da45.npz)
Loaded FARTCOIN features from cache (/Users/diego/Dev/non-toxic/autoresearch-trading/.cache/FARTCOIN_896f409bb7a0203cbf842e82cba99905.npz)
Loaded HYPE features from cache (/Users/diego/Dev/non-toxic/autoresearch-trading/.cache/HYPE_4fbc8d74f383e5b78401b8b77c1f8277.npz)
Loaded KBONK features from cache (/Users/diego/Dev/non-toxic/autoresearch-trading/.cache/KBONK_5368b8ab25ae877c6769416831645faa.npz)
Loaded KPEPE features from cache (/Users/diego/Dev/non-toxic/autoresearch-trading/.cache/KPEPE_9a602f1143be367673476e3235057207.npz)
Loaded LDO features from cache (/Users/diego/Dev/non-toxic/autoresearch-trading/.cache/LDO_405432cef314ec25811acb582e020984.npz)
Loaded LINK features from cache (/Users/diego/Dev/non-toxic/autoresearch-trading/.cache/LINK_f57417583c6896d318a86566e234410e.npz)
Loaded LTC features from cache (/Users/diego/Dev/non-toxic/autoresearch-trading/.cache/LTC_9fbc202a2566406eed7093ce1c5c04c9.npz)
Loaded PENGU features from cache (/Users/diego/Dev/non-toxic/autoresearch-trading/.cache/PENGU_7d69d568708594ca21439ff40e3b883c.npz)
Loaded PUMP features from cache (/Users/diego/Dev/non-toxic/autoresearch-trading/.cache/PUMP_91da8b5c0091ba7681cc7371d756f8ad.npz)
Loaded SOL features from cache (/Users/diego/Dev/non-toxic/autoresearch-trading/.cache/SOL_421bc42b5e8e4b024b8961814c899311.npz)
Loaded SUI features from cache (/Users/diego/Dev/non-toxic/autoresearch-trading/.cache/SUI_87dd1a33c693177540a00f070c5da72f.npz)
Loaded UNI features from cache (/Users/diego/Dev/non-toxic/autoresearch-trading/.cache/UNI_39521bede7cea024b60decbab28816c8.npz)
Loaded WLFI features from cache (/Users/diego/Dev/non-toxic/autoresearch-trading/.cache/WLFI_b0978a17d1352242408ad8b59a7cb7fb.npz)
Loaded XPL features from cache (/Users/diego/Dev/non-toxic/autoresearch-trading/.cache/XPL_7bb35309ae0c21afae114f28af002e89.npz)
Loaded XRP features from cache (/Users/diego/Dev/non-toxic/autoresearch-trading/.cache/XRP_4baafb398742391254baf25bc923b73d.npz)
drop amihud_illiq (#13)                         0.0616    5/25    1598  0.4386  +0.0297
Loaded 2Z features from cache (/Users/diego/Dev/non-toxic/autoresearch-trading/.cache/2Z_93bd2ffb5298c9e7daeb031da4f68e2b.npz)
Loaded AAVE features from cache (/Users/diego/Dev/non-toxic/autoresearch-trading/.cache/AAVE_20d9574e61dc5ae6f9fc43b8717377b2.npz)
Loaded ASTER features from cache (/Users/diego/Dev/non-toxic/autoresearch-trading/.cache/ASTER_e5b9e03e30f8cd32e991c7dee69e1bbc.npz)
Loaded AVAX features from cache (/Users/diego/Dev/non-toxic/autoresearch-trading/.cache/AVAX_458297abdb813e6db6127348bfcd7035.npz)
Loaded BNB features from cache (/Users/diego/Dev/non-toxic/autoresearch-trading/.cache/BNB_f9eb971ba4ca3448e76eecc55f865d52.npz)
Loaded BTC features from cache (/Users/diego/Dev/non-toxic/autoresearch-trading/.cache/BTC_cee68cfa64de785ae18be864df39ab28.npz)
Loaded CRV features from cache (/Users/diego/Dev/non-toxic/autoresearch-trading/.cache/CRV_4db688d3ba19ae07d333dfc932f69d1b.npz)
Loaded DOGE features from cache (/Users/diego/Dev/non-toxic/autoresearch-trading/.cache/DOGE_6c834fd46cc0e6779327cad906a7977a.npz)
Loaded ENA features from cache (/Users/diego/Dev/non-toxic/autoresearch-trading/.cache/ENA_686543e47363f0036ff8a93746e305bd.npz)
Loaded ETH features from cache (/Users/diego/Dev/non-toxic/autoresearch-trading/.cache/ETH_c0295ef197b333b08a1e4f15e3c5da45.npz)
Loaded FARTCOIN features from cache (/Users/diego/Dev/non-toxic/autoresearch-trading/.cache/FARTCOIN_896f409bb7a0203cbf842e82cba99905.npz)
Loaded HYPE features from cache (/Users/diego/Dev/non-toxic/autoresearch-trading/.cache/HYPE_4fbc8d74f383e5b78401b8b77c1f8277.npz)
Loaded KBONK features from cache (/Users/diego/Dev/non-toxic/autoresearch-trading/.cache/KBONK_5368b8ab25ae877c6769416831645faa.npz)
Loaded KPEPE features from cache (/Users/diego/Dev/non-toxic/autoresearch-trading/.cache/KPEPE_9a602f1143be367673476e3235057207.npz)
Loaded LDO features from cache (/Users/diego/Dev/non-toxic/autoresearch-trading/.cache/LDO_405432cef314ec25811acb582e020984.npz)
Loaded LINK features from cache (/Users/diego/Dev/non-toxic/autoresearch-trading/.cache/LINK_f57417583c6896d318a86566e234410e.npz)
Loaded LTC features from cache (/Users/diego/Dev/non-toxic/autoresearch-trading/.cache/LTC_9fbc202a2566406eed7093ce1c5c04c9.npz)
Loaded PENGU features from cache (/Users/diego/Dev/non-toxic/autoresearch-trading/.cache/PENGU_7d69d568708594ca21439ff40e3b883c.npz)
Loaded PUMP features from cache (/Users/diego/Dev/non-toxic/autoresearch-trading/.cache/PUMP_91da8b5c0091ba7681cc7371d756f8ad.npz)
Loaded SOL features from cache (/Users/diego/Dev/non-toxic/autoresearch-trading/.cache/SOL_421bc42b5e8e4b024b8961814c899311.npz)
Loaded SUI features from cache (/Users/diego/Dev/non-toxic/autoresearch-trading/.cache/SUI_87dd1a33c693177540a00f070c5da72f.npz)
Loaded UNI features from cache (/Users/diego/Dev/non-toxic/autoresearch-trading/.cache/UNI_39521bede7cea024b60decbab28816c8.npz)
Loaded WLFI features from cache (/Users/diego/Dev/non-toxic/autoresearch-trading/.cache/WLFI_b0978a17d1352242408ad8b59a7cb7fb.npz)
Loaded XPL features from cache (/Users/diego/Dev/non-toxic/autoresearch-trading/.cache/XPL_7bb35309ae0c21afae114f28af002e89.npz)
Loaded XRP features from cache (/Users/diego/Dev/non-toxic/autoresearch-trading/.cache/XRP_4baafb398742391254baf25bc923b73d.npz)
drop roll_measure (#14)                         0.0490    6/25    1599  0.4388  +0.0171
Loaded 2Z features from cache (/Users/diego/Dev/non-toxic/autoresearch-trading/.cache/2Z_93bd2ffb5298c9e7daeb031da4f68e2b.npz)
Loaded AAVE features from cache (/Users/diego/Dev/non-toxic/autoresearch-trading/.cache/AAVE_20d9574e61dc5ae6f9fc43b8717377b2.npz)
Loaded ASTER features from cache (/Users/diego/Dev/non-toxic/autoresearch-trading/.cache/ASTER_e5b9e03e30f8cd32e991c7dee69e1bbc.npz)
Loaded AVAX features from cache (/Users/diego/Dev/non-toxic/autoresearch-trading/.cache/AVAX_458297abdb813e6db6127348bfcd7035.npz)
Loaded BNB features from cache (/Users/diego/Dev/non-toxic/autoresearch-trading/.cache/BNB_f9eb971ba4ca3448e76eecc55f865d52.npz)
Loaded BTC features from cache (/Users/diego/Dev/non-toxic/autoresearch-trading/.cache/BTC_cee68cfa64de785ae18be864df39ab28.npz)
Loaded CRV features from cache (/Users/diego/Dev/non-toxic/autoresearch-trading/.cache/CRV_4db688d3ba19ae07d333dfc932f69d1b.npz)
Loaded DOGE features from cache (/Users/diego/Dev/non-toxic/autoresearch-trading/.cache/DOGE_6c834fd46cc0e6779327cad906a7977a.npz)
Loaded ENA features from cache (/Users/diego/Dev/non-toxic/autoresearch-trading/.cache/ENA_686543e47363f0036ff8a93746e305bd.npz)
Loaded ETH features from cache (/Users/diego/Dev/non-toxic/autoresearch-trading/.cache/ETH_c0295ef197b333b08a1e4f15e3c5da45.npz)
Loaded FARTCOIN features from cache (/Users/diego/Dev/non-toxic/autoresearch-trading/.cache/FARTCOIN_896f409bb7a0203cbf842e82cba99905.npz)
Loaded HYPE features from cache (/Users/diego/Dev/non-toxic/autoresearch-trading/.cache/HYPE_4fbc8d74f383e5b78401b8b77c1f8277.npz)
Loaded KBONK features from cache (/Users/diego/Dev/non-toxic/autoresearch-trading/.cache/KBONK_5368b8ab25ae877c6769416831645faa.npz)
Loaded KPEPE features from cache (/Users/diego/Dev/non-toxic/autoresearch-trading/.cache/KPEPE_9a602f1143be367673476e3235057207.npz)
Loaded LDO features from cache (/Users/diego/Dev/non-toxic/autoresearch-trading/.cache/LDO_405432cef314ec25811acb582e020984.npz)
Loaded LINK features from cache (/Users/diego/Dev/non-toxic/autoresearch-trading/.cache/LINK_f57417583c6896d318a86566e234410e.npz)
Loaded LTC features from cache (/Users/diego/Dev/non-toxic/autoresearch-trading/.cache/LTC_9fbc202a2566406eed7093ce1c5c04c9.npz)
Loaded PENGU features from cache (/Users/diego/Dev/non-toxic/autoresearch-trading/.cache/PENGU_7d69d568708594ca21439ff40e3b883c.npz)
Loaded PUMP features from cache (/Users/diego/Dev/non-toxic/autoresearch-trading/.cache/PUMP_91da8b5c0091ba7681cc7371d756f8ad.npz)
Loaded SOL features from cache (/Users/diego/Dev/non-toxic/autoresearch-trading/.cache/SOL_421bc42b5e8e4b024b8961814c899311.npz)
Loaded SUI features from cache (/Users/diego/Dev/non-toxic/autoresearch-trading/.cache/SUI_87dd1a33c693177540a00f070c5da72f.npz)
Loaded UNI features from cache (/Users/diego/Dev/non-toxic/autoresearch-trading/.cache/UNI_39521bede7cea024b60decbab28816c8.npz)
Loaded WLFI features from cache (/Users/diego/Dev/non-toxic/autoresearch-trading/.cache/WLFI_b0978a17d1352242408ad8b59a7cb7fb.npz)
Loaded XPL features from cache (/Users/diego/Dev/non-toxic/autoresearch-trading/.cache/XPL_7bb35309ae0c21afae114f28af002e89.npz)
Loaded XRP features from cache (/Users/diego/Dev/non-toxic/autoresearch-trading/.cache/XRP_4baafb398742391254baf25bc923b73d.npz)
drop trade_arrival_rate (#15)                   0.0163    5/25    1599  0.4562  -0.0156
Loaded 2Z features from cache (/Users/diego/Dev/non-toxic/autoresearch-trading/.cache/2Z_93bd2ffb5298c9e7daeb031da4f68e2b.npz)
Loaded AAVE features from cache (/Users/diego/Dev/non-toxic/autoresearch-trading/.cache/AAVE_20d9574e61dc5ae6f9fc43b8717377b2.npz)
Loaded ASTER features from cache (/Users/diego/Dev/non-toxic/autoresearch-trading/.cache/ASTER_e5b9e03e30f8cd32e991c7dee69e1bbc.npz)
Loaded AVAX features from cache (/Users/diego/Dev/non-toxic/autoresearch-trading/.cache/AVAX_458297abdb813e6db6127348bfcd7035.npz)
Loaded BNB features from cache (/Users/diego/Dev/non-toxic/autoresearch-trading/.cache/BNB_f9eb971ba4ca3448e76eecc55f865d52.npz)
Loaded BTC features from cache (/Users/diego/Dev/non-toxic/autoresearch-trading/.cache/BTC_cee68cfa64de785ae18be864df39ab28.npz)
Loaded CRV features from cache (/Users/diego/Dev/non-toxic/autoresearch-trading/.cache/CRV_4db688d3ba19ae07d333dfc932f69d1b.npz)
Loaded DOGE features from cache (/Users/diego/Dev/non-toxic/autoresearch-trading/.cache/DOGE_6c834fd46cc0e6779327cad906a7977a.npz)
Loaded ENA features from cache (/Users/diego/Dev/non-toxic/autoresearch-trading/.cache/ENA_686543e47363f0036ff8a93746e305bd.npz)
Loaded ETH features from cache (/Users/diego/Dev/non-toxic/autoresearch-trading/.cache/ETH_c0295ef197b333b08a1e4f15e3c5da45.npz)
Loaded FARTCOIN features from cache (/Users/diego/Dev/non-toxic/autoresearch-trading/.cache/FARTCOIN_896f409bb7a0203cbf842e82cba99905.npz)
Loaded HYPE features from cache (/Users/diego/Dev/non-toxic/autoresearch-trading/.cache/HYPE_4fbc8d74f383e5b78401b8b77c1f8277.npz)
Loaded KBONK features from cache (/Users/diego/Dev/non-toxic/autoresearch-trading/.cache/KBONK_5368b8ab25ae877c6769416831645faa.npz)
Loaded KPEPE features from cache (/Users/diego/Dev/non-toxic/autoresearch-trading/.cache/KPEPE_9a602f1143be367673476e3235057207.npz)
Loaded LDO features from cache (/Users/diego/Dev/non-toxic/autoresearch-trading/.cache/LDO_405432cef314ec25811acb582e020984.npz)
Loaded LINK features from cache (/Users/diego/Dev/non-toxic/autoresearch-trading/.cache/LINK_f57417583c6896d318a86566e234410e.npz)
Loaded LTC features from cache (/Users/diego/Dev/non-toxic/autoresearch-trading/.cache/LTC_9fbc202a2566406eed7093ce1c5c04c9.npz)
Loaded PENGU features from cache (/Users/diego/Dev/non-toxic/autoresearch-trading/.cache/PENGU_7d69d568708594ca21439ff40e3b883c.npz)
Loaded PUMP features from cache (/Users/diego/Dev/non-toxic/autoresearch-trading/.cache/PUMP_91da8b5c0091ba7681cc7371d756f8ad.npz)
Loaded SOL features from cache (/Users/diego/Dev/non-toxic/autoresearch-trading/.cache/SOL_421bc42b5e8e4b024b8961814c899311.npz)
Loaded SUI features from cache (/Users/diego/Dev/non-toxic/autoresearch-trading/.cache/SUI_87dd1a33c693177540a00f070c5da72f.npz)
Loaded UNI features from cache (/Users/diego/Dev/non-toxic/autoresearch-trading/.cache/UNI_39521bede7cea024b60decbab28816c8.npz)
Loaded WLFI features from cache (/Users/diego/Dev/non-toxic/autoresearch-trading/.cache/WLFI_b0978a17d1352242408ad8b59a7cb7fb.npz)
Loaded XPL features from cache (/Users/diego/Dev/non-toxic/autoresearch-trading/.cache/XPL_7bb35309ae0c21afae114f28af002e89.npz)
Loaded XRP features from cache (/Users/diego/Dev/non-toxic/autoresearch-trading/.cache/XRP_4baafb398742391254baf25bc923b73d.npz)
drop r_20 (#16)                                 0.0154    5/25    1599  0.3933  -0.0165

======================================================================
SUMMARY
======================================================================

Baseline (17 feat): Sortino=0.0319, 5/25 passing
v10 only (9 feat):  Sortino=0.0912, 6/25 passing

>>> NEW FEATURES ARE HURTING. v10 (9 feat) > v11 (17 feat).

Feature impact (drop = higher Sortino means feature HURTS):
  drop spread_bps (#12)                    Sortino=0.0762 (+0.0443) [HURTS]
  drop amihud_illiq (#13)                  Sortino=0.0616 (+0.0297) [HURTS]
  drop roll_measure (#14)                  Sortino=0.0490 (+0.0171) [HURTS]
  drop sell_vwap_dev (#11)                 Sortino=0.0379 (+0.0060) [HURTS]
  drop trade_arrival_rate (#15)            Sortino=0.0163 (-0.0156) [HELPS]
  drop r_20 (#16)                          Sortino=0.0154 (-0.0165) [HELPS]
  drop multi_level_ofi (#9)                Sortino=0.0118 (-0.0201) [HELPS]
  drop buy_vwap_dev (#10)                  Sortino=0.0033 (-0.0286) [HELPS]
