device: cpu
=== FAST MODE: using BEST_PARAMS ===


=== FINAL: 5 seeds x 60s on all 25 symbols ===
params: {'lr': 0.0044, 'hdim': 64, 'nlayers': 3, 'batch_size': 256, 'fee_mult': 11.0, 'r_min': 0.24, 'vpin_max_z': 0.0}

  Training seed 0 (60s)...
    flat: 160556 (64.2%)
    long: 42820 (17.1%)
    short: 46624 (18.6%)
  Training seed 1 (60s)...
    flat: 160743 (64.3%)
    long: 42891 (17.2%)
    short: 46366 (18.5%)
  Training seed 2 (60s)...
    flat: 160063 (64.0%)
    long: 42909 (17.2%)
    short: 47028 (18.8%)
  Training seed 3 (60s)...
    flat: 160666 (64.3%)
    long: 42743 (17.1%)
    short: 46591 (18.6%)
  Training seed 4 (60s)...
    flat: 160435 (64.2%)
    long: 43014 (17.2%)
    short: 46551 (18.6%)
  WARNING: alpha=0.500 < 0.5, using single best model
Loaded 2Z features from cache (/Users/diego/Dev/non-toxic/autoresearch-trading/.cache/2Z_6a40076aa2e3224eb0c3be4d4358cd5a.npz)
  2Z: sortino=0.0279 trades=44 dd=0.1236 wr=0.43 pf=1.21 [PASS]
Loaded AAVE features from cache (/Users/diego/Dev/non-toxic/autoresearch-trading/.cache/AAVE_464a73be658ae853149ff0a3adfc6289.npz)
  AAVE: sortino=0.0460 trades=89 dd=0.1514 wr=0.45 pf=1.10 [PASS]
Loaded ASTER features from cache (/Users/diego/Dev/non-toxic/autoresearch-trading/.cache/ASTER_2c53d4606d4a33fb0677243ae5507a7c.npz)
  ASTER: sortino=-0.0979 trades=86 dd=0.1844 wr=0.40 pf=0.89 [PASS]
Loaded AVAX features from cache (/Users/diego/Dev/non-toxic/autoresearch-trading/.cache/AVAX_01844ef661ef712a29510aac6ec0a0b5.npz)
  AVAX: sortino=0.0816 trades=84 dd=0.1620 wr=0.43 pf=1.21 [PASS]
Loaded BNB features from cache (/Users/diego/Dev/non-toxic/autoresearch-trading/.cache/BNB_b89f561aae60a7b43b504a8148c3634f.npz)
  BNB: sortino=0.0000 trades=85 dd=0.3317 [FAIL]
Loaded BTC features from cache (/Users/diego/Dev/non-toxic/autoresearch-trading/.cache/BTC_c3ff9cd3ee9fa3aaacd71bf3a68a2a65.npz)
  BTC: sortino=0.3396 trades=93 dd=0.1426 wr=0.58 pf=1.56 [PASS]
Loaded CRV features from cache (/Users/diego/Dev/non-toxic/autoresearch-trading/.cache/CRV_33c58c3233991753c3512d28d729555e.npz)
  CRV: sortino=0.0000 trades=35 dd=0.2429 [FAIL]
Loaded DOGE features from cache (/Users/diego/Dev/non-toxic/autoresearch-trading/.cache/DOGE_d2846cde99654317a6f694e137616217.npz)
  DOGE: sortino=0.0000 trades=88 dd=0.2125 [FAIL]
Loaded ENA features from cache (/Users/diego/Dev/non-toxic/autoresearch-trading/.cache/ENA_52b0e153d57112fdfc58f80824fbc2d6.npz)
  ENA: sortino=0.0000 trades=91 dd=0.4448 [FAIL]
Loaded ETH features from cache (/Users/diego/Dev/non-toxic/autoresearch-trading/.cache/ETH_feb9b6812f59cb23d8be5c8e16b3384b.npz)
  ETH: sortino=0.0000 trades=95 dd=0.2917 [FAIL]
Loaded FARTCOIN features from cache (/Users/diego/Dev/non-toxic/autoresearch-trading/.cache/FARTCOIN_eacd03122d0df6ce2261a37fb521ad91.npz)
  FARTCOIN: sortino=0.0000 trades=74 dd=0.2387 [FAIL]
Loaded HYPE features from cache (/Users/diego/Dev/non-toxic/autoresearch-trading/.cache/HYPE_44cd6fbd34648cfc5604fc6c4effa192.npz)
  HYPE: sortino=0.0314 trades=91 dd=0.1822 wr=0.48 pf=1.03 [PASS]
Loaded KBONK features from cache (/Users/diego/Dev/non-toxic/autoresearch-trading/.cache/KBONK_fbb667d4dd26c5c1d6e51f92ab5fec37.npz)
  KBONK: sortino=-0.0161 trades=37 dd=0.1464 wr=0.53 pf=1.01 [PASS]
Loaded KPEPE features from cache (/Users/diego/Dev/non-toxic/autoresearch-trading/.cache/KPEPE_ba538a6217a32b6c356b6c51edaa443c.npz)
  KPEPE: sortino=0.0000 trades=81 dd=0.4002 [FAIL]
Loaded LDO features from cache (/Users/diego/Dev/non-toxic/autoresearch-trading/.cache/LDO_7b43b5003debee46ab1a8089a516a4c2.npz)
  LDO: sortino=0.0000 trades=37 dd=0.2248 [FAIL]
Loaded LINK features from cache (/Users/diego/Dev/non-toxic/autoresearch-trading/.cache/LINK_d905d8bf24a39ef3da5fd48f3c7a3768.npz)
  LINK: sortino=0.0000 trades=82 dd=0.2273 [FAIL]
Loaded LTC features from cache (/Users/diego/Dev/non-toxic/autoresearch-trading/.cache/LTC_828e6210fe351c1b58f5e9d6266e7d39.npz)
  LTC: sortino=0.0000 trades=71 dd=0.3020 [FAIL]
Loaded PENGU features from cache (/Users/diego/Dev/non-toxic/autoresearch-trading/.cache/PENGU_147a6a992be5b7fe7b609e1446b13990.npz)
  PENGU: sortino=0.0000 trades=47 dd=0.2044 [FAIL]
Loaded PUMP features from cache (/Users/diego/Dev/non-toxic/autoresearch-trading/.cache/PUMP_6e0b1fcd7b7fb18eb1c0efff0c045bf3.npz)
  PUMP: sortino=0.0000 trades=100 dd=0.2346 [FAIL]
Loaded SOL features from cache (/Users/diego/Dev/non-toxic/autoresearch-trading/.cache/SOL_1d9f31dff416ad1c06c69acad4731196.npz)
  SOL: sortino=-0.0510 trades=87 dd=0.1582 wr=0.41 pf=0.93 [PASS]
Loaded SUI features from cache (/Users/diego/Dev/non-toxic/autoresearch-trading/.cache/SUI_cd6090aeaca352f9096a126f53d5214d.npz)
  SUI: sortino=0.0000 trades=98 dd=0.4007 [FAIL]
Loaded UNI features from cache (/Users/diego/Dev/non-toxic/autoresearch-trading/.cache/UNI_62fe01cf3d5f73d7679c34e3caa6e925.npz)
  UNI: sortino=0.0000 trades=70 dd=0.4678 [FAIL]
Loaded WLFI features from cache (/Users/diego/Dev/non-toxic/autoresearch-trading/.cache/WLFI_dab77641c55012d6432ebe14f2b9f949.npz)
  WLFI: sortino=0.0000 trades=89 dd=0.2302 [FAIL]
Loaded XPL features from cache (/Users/diego/Dev/non-toxic/autoresearch-trading/.cache/XPL_3b02b8e32b9f8d5699aa219f6124ff26.npz)
  XPL: sortino=0.0000 trades=57 dd=0.3486 [FAIL]
Loaded XRP features from cache (/Users/diego/Dev/non-toxic/autoresearch-trading/.cache/XRP_cfa0eee814c73c60f29193ae8ab96d31.npz)
  XRP: sortino=0.0000 trades=91 dd=0.2662 [FAIL]
---
=== PORTFOLIO SUMMARY ===
symbols_passing: 8/25
sortino: 0.045197
sharpe: 0.030784
calmar: 2.031133
cvar_95: 0.001980
num_trades: 1902
max_drawdown: 0.4678
win_rate: 0.4622
profit_factor: 1.1172
training_seconds: 300.0
total_steps: 31250000
num_updates: 122125

best_params: {'lr': 0.0044, 'hdim': 64, 'nlayers': 3, 'batch_size': 256, 'fee_mult': 11.0, 'r_min': 0.24, 'vpin_max_z': 0.0}
